#
# There is insufficient memory for the Java Runtime Environment to continue.
# Native memory allocation (mmap) failed to map 65536 bytes for Failed to commit metaspace.
# Possible reasons:
#   The system is out of physical RAM or swap space
#   The process is running with CompressedOops enabled, and the Java Heap may be blocking the growth of the native heap
# Possible solutions:
#   Reduce memory load on the system
#   Increase physical memory or swap space
#   Check if swap backing store is full
#   Decrease Java heap size (-Xmx/-Xms)
#   Decrease number of Java threads
#   Decrease Java thread stack sizes (-Xss)
#   Set larger code cache with -XX:ReservedCodeCacheSize=
#   JVM is running with Zero Based Compressed Oops mode in which the Java heap is
#     placed in the first 32GB address space. The Java Heap base address is the
#     maximum limit for the native heap growth. Please use -XX:HeapBaseMinAddress
#     to set the Java Heap base and to place the Java Heap above 32GB virtual address.
# This output file may be truncated or incomplete.
#
#  Out of Memory Error (virtualSpaceNode.cpp:110), pid=18228, tid=1964
#
# JRE version: Java(TM) SE Runtime Environment (17.0.2+8) (build 17.0.2+8-LTS-86)
# Java VM: Java HotSpot(TM) 64-Bit Server VM (17.0.2+8-LTS-86, mixed mode, emulated-client, sharing, tiered, compressed oops, compressed class ptrs, g1 gc, windows-amd64)
# No core dump will be written. Minidumps are not enabled by default on client versions of Windows
#

---------------  S U M M A R Y ------------

Command Line: -XX:TieredStopAtLevel=1 -Xverify:none -Dspring.output.ansi.enabled=always -javaagent:D:\IntelliJ IDEA 2020.2.3\IntelliJ IDEA 2021.2.4\lib\idea_rt.jar=53226:D:\IntelliJ IDEA 2020.2.3\IntelliJ IDEA 2021.2.4\bin -Dcom.sun.management.jmxremote -Dspring.jmx.enabled=true -Dspring.liveBeansView.mbeanDomain -Dspring.application.admin.enabled=true -Dfile.encoding=UTF-8 com.example.algorithm.AlgorithmApplication

Host: AMD Ryzen 7 4800H with Radeon Graphics         , 16 cores, 15G,  Windows 10 , 64 bit Build 19041 (10.0.19041.1706)
Time: Tue Jun 21 03:50:15 2022  Windows 10 , 64 bit Build 19041 (10.0.19041.1706) elapsed time: 0.542806 seconds (0d 0h 0m 0s)

---------------  T H R E A D  ---------------

Current thread (0x0000014a0b4c1410):  JavaThread "main" [_thread_in_vm, id=1964, stack(0x0000004689900000,0x0000004689a00000)]

Stack: [0x0000004689900000,0x0000004689a00000]
Native frames: (J=compiled Java code, j=interpreted, Vv=VM code, C=native code)
V  [jvm.dll+0x670baa]
V  [jvm.dll+0x7cfcb4]
V  [jvm.dll+0x7d145e]
V  [jvm.dll+0x7d1ac3]
V  [jvm.dll+0x242bc5]
V  [jvm.dll+0x7cbc5b]
V  [jvm.dll+0x616966]
V  [jvm.dll+0x1be3ee]
V  [jvm.dll+0x6192a1]
V  [jvm.dll+0x617306]
V  [jvm.dll+0x23718f]
V  [jvm.dll+0x621015]
V  [jvm.dll+0x1e7e2b]
V  [jvm.dll+0x1e8365]
V  [jvm.dll+0x1e8d9f]
V  [jvm.dll+0x1de251]
V  [jvm.dll+0x537c30]
V  [jvm.dll+0x74ad28]
V  [jvm.dll+0x74ae14]
V  [jvm.dll+0x408cc5]
V  [jvm.dll+0x40ed18]
C  [java.dll+0x17ec]

Java frames: (J=compiled Java code, j=interpreted, Vv=VM code)
j  java.lang.ClassLoader.defineClass1(Ljava/lang/ClassLoader;Ljava/lang/String;[BIILjava/security/ProtectionDomain;Ljava/lang/String;)Ljava/lang/Class;+0 java.base@17.0.2
j  java.lang.ClassLoader.defineClass(Ljava/lang/String;[BIILjava/security/ProtectionDomain;)Ljava/lang/Class;+27 java.base@17.0.2
j  java.security.SecureClassLoader.defineClass(Ljava/lang/String;[BIILjava/security/CodeSource;)Ljava/lang/Class;+12 java.base@17.0.2
j  jdk.internal.loader.BuiltinClassLoader.defineClass(Ljava/lang/String;Ljdk/internal/loader/Resource;)Ljava/lang/Class;+117 java.base@17.0.2
j  jdk.internal.loader.BuiltinClassLoader.findClassOnClassPathOrNull(Ljava/lang/String;)Ljava/lang/Class;+37 java.base@17.0.2
j  jdk.internal.loader.BuiltinClassLoader.loadClassOrNull(Ljava/lang/String;Z)Ljava/lang/Class;+111 java.base@17.0.2
j  jdk.internal.loader.BuiltinClassLoader.loadClass(Ljava/lang/String;Z)Ljava/lang/Class;+3 java.base@17.0.2
j  jdk.internal.loader.ClassLoaders$AppClassLoader.loadClass(Ljava/lang/String;Z)Ljava/lang/Class;+36 java.base@17.0.2
j  java.lang.ClassLoader.loadClass(Ljava/lang/String;)Ljava/lang/Class;+3 java.base@17.0.2
v  ~StubRoutines::call_stub
J 917  java.lang.Class.forName0(Ljava/lang/String;ZLjava/lang/ClassLoader;Ljava/lang/Class;)Ljava/lang/Class; java.base@17.0.2 (0 bytes) @ 0x0000014a131004af [0x0000014a13100420+0x000000000000008f]
J 920 c1 java.lang.Class.forName(Ljava/lang/String;ZLjava/lang/ClassLoader;)Ljava/lang/Class; java.base@17.0.2 (47 bytes) @ 0x0000014a131014bc [0x0000014a131013c0+0x00000000000000fc]
j  org.springframework.util.ClassUtils.forName(Ljava/lang/String;Ljava/lang/ClassLoader;)Ljava/lang/Class;+176
j  org.springframework.boot.SpringApplication.createSpringFactoriesInstances(Ljava/lang/Class;[Ljava/lang/Class;Ljava/lang/ClassLoader;[Ljava/lang/Object;Ljava/util/Set;)Ljava/util/List;+50
j  org.springframework.boot.SpringApplication.getSpringFactoriesInstances(Ljava/lang/Class;[Ljava/lang/Class;[Ljava/lang/Object;)Ljava/util/Collection;+29
j  org.springframework.boot.SpringApplication.getSpringFactoriesInstances(Ljava/lang/Class;)Ljava/util/Collection;+10
j  org.springframework.boot.SpringApplication.<init>(Lorg/springframework/core/io/ResourceLoader;[Ljava/lang/Class;)V+132
j  org.springframework.boot.SpringApplication.<init>([Ljava/lang/Class;)V+3
j  org.springframework.boot.SpringApplication.run([Ljava/lang/Class;[Ljava/lang/String;)Lorg/springframework/context/ConfigurableApplicationContext;+5
j  org.springframework.boot.SpringApplication.run(Ljava/lang/Class;[Ljava/lang/String;)Lorg/springframework/context/ConfigurableApplicationContext;+9
j  com.example.algorithm.AlgorithmApplication.main([Ljava/lang/String;)V+3
v  ~StubRoutines::call_stub

---------------  P R O C E S S  ---------------

Threads class SMR info:
_java_thread_list=0x0000014a237ade70, length=16, elements={
0x0000014a0b4c1410, 0x0000014a225ec670, 0x0000014a225ed1f0, 0x0000014a2260b020,
0x0000014a2260bba0, 0x0000014a2260d470, 0x0000014a2260e4d0, 0x0000014a2260f5e0,
0x0000014a22614320, 0x0000014a230554d0, 0x0000014a225d4830, 0x0000014a230d9e50,
0x0000014a23537650, 0x0000014a23537b20, 0x0000014a236c0f90, 0x0000014a2375aa80
}

Java Threads: ( => current thread )
=>0x0000014a0b4c1410 JavaThread "main" [_thread_in_vm, id=1964, stack(0x0000004689900000,0x0000004689a00000)]
  0x0000014a225ec670 JavaThread "Reference Handler" daemon [_thread_blocked, id=15176, stack(0x000000468a000000,0x000000468a100000)]
  0x0000014a225ed1f0 JavaThread "Finalizer" daemon [_thread_blocked, id=9808, stack(0x000000468a100000,0x000000468a200000)]
  0x0000014a2260b020 JavaThread "Signal Dispatcher" daemon [_thread_blocked, id=16320, stack(0x000000468a200000,0x000000468a300000)]
  0x0000014a2260bba0 JavaThread "Attach Listener" daemon [_thread_blocked, id=4176, stack(0x000000468a300000,0x000000468a400000)]
  0x0000014a2260d470 JavaThread "Service Thread" daemon [_thread_blocked, id=19516, stack(0x000000468a400000,0x000000468a500000)]
  0x0000014a2260e4d0 JavaThread "Monitor Deflation Thread" daemon [_thread_blocked, id=15328, stack(0x000000468a500000,0x000000468a600000)]
  0x0000014a2260f5e0 JavaThread "C1 CompilerThread0" daemon [_thread_blocked, id=18584, stack(0x000000468a600000,0x000000468a700000)]
  0x0000014a22614320 JavaThread "Sweeper thread" daemon [_thread_blocked, id=12184, stack(0x000000468a700000,0x000000468a800000)]
  0x0000014a230554d0 JavaThread "Common-Cleaner" daemon [_thread_blocked, id=15568, stack(0x000000468a800000,0x000000468a900000)]
  0x0000014a225d4830 JavaThread "C1 CompilerThread1" daemon [_thread_blocked, id=16044, stack(0x000000468a900000,0x000000468aa00000)]
  0x0000014a230d9e50 JavaThread "C1 CompilerThread2" daemon [_thread_blocked, id=11020, stack(0x000000468aa00000,0x000000468ab00000)]
  0x0000014a23537650 JavaThread "Monitor Ctrl-Break" daemon [_thread_in_native, id=3176, stack(0x000000468ab00000,0x000000468ac00000)]
  0x0000014a23537b20 JavaThread "Notification Thread" daemon [_thread_blocked, id=19572, stack(0x000000468ac00000,0x000000468ad00000)]
  0x0000014a236c0f90 JavaThread "C1 CompilerThread3" daemon [_thread_blocked, id=7848, stack(0x000000468ad00000,0x000000468ae00000)]
  0x0000014a2375aa80 JavaThread "RMI TCP Accept-0" daemon [_thread_in_native, id=18188, stack(0x000000468ae00000,0x000000468af00000)]

Other Threads:
  0x0000014a225e74c0 VMThread "VM Thread" [stack: 0x0000004689f00000,0x000000468a000000] [id=19956]
  0x0000014a230ceb50 WatcherThread [stack: 0x000000468af00000,0x000000468b000000] [id=17684]
  0x0000014a0b511960 GCTaskThread "GC Thread#0" [stack: 0x0000004689a00000,0x0000004689b00000] [id=20752]
  0x0000014a0b522dc0 ConcurrentGCThread "G1 Main Marker" [stack: 0x0000004689b00000,0x0000004689c00000] [id=16908]
  0x0000014a0b5236e0 ConcurrentGCThread "G1 Conc#0" [stack: 0x0000004689c00000,0x0000004689d00000] [id=14184]
  0x0000014a0b58dc30 ConcurrentGCThread "G1 Refine#0" [stack: 0x0000004689d00000,0x0000004689e00000] [id=16380]
  0x0000014a0b58e460 ConcurrentGCThread "G1 Service" [stack: 0x0000004689e00000,0x0000004689f00000] [id=20052]

Threads with active compile tasks:

VM state: not at safepoint (normal execution)

VM Mutex/Monitor currently owned by a thread:  ([mutex/lock_event])
[0x0000014a0b4b11e0] Metaspace_lock - owner thread: 0x0000014a0b4c1410

Heap address: 0x000000070a000000, size: 3936 MB, Compressed Oops mode: Zero based, Oop shift amount: 3

CDS archive(s) mapped at: [0x0000000800000000-0x0000000800bc0000-0x0000000800bc0000), size 12320768, SharedBaseAddress: 0x0000000800000000, ArchiveRelocationMode: 0.
Compressed class space mapped at: 0x0000000800c00000-0x0000000840c00000, reserved size: 1073741824
Narrow klass base: 0x0000000800000000, Narrow klass shift: 0, Narrow klass range: 0x100000000

GC Precious Log:
 CPUs: 16 total, 16 available
 Memory: 15741M
 Large Page Support: Disabled
 NUMA Support: Disabled
 Compressed Oops: Enabled (Zero based)
 Heap Region Size: 2M
 Heap Min Capacity: 8M
 Heap Initial Capacity: 246M
 Heap Max Capacity: 3936M
 Pre-touch: Disabled
 Parallel Workers: 13
 Concurrent Workers: 3
 Concurrent Refinement Workers: 13
 Periodic GC: Disabled

Heap:
 garbage-first heap   total 251904K, used 16384K [0x000000070a000000, 0x0000000800000000)
  region size 2048K, 10 young (20480K), 0 survivors (0K)
 Metaspace       used 5820K, committed 5952K, reserved 1056768K
  class space    used 693K, committed 768K, reserved 1048576K

Heap Regions: E=young(eden), S=young(survivor), O=old, HS=humongous(starts), HC=humongous(continues), CS=collection set, F=free, OA=open archive, CA=closed archive, TAMS=top-at-mark-start (previous, next)
|   0|0x000000070a000000, 0x000000070a000000, 0x000000070a200000|  0%| F|  |TAMS 0x000000070a000000, 0x000000070a000000| Untracked 
|   1|0x000000070a200000, 0x000000070a200000, 0x000000070a400000|  0%| F|  |TAMS 0x000000070a200000, 0x000000070a200000| Untracked 
|   2|0x000000070a400000, 0x000000070a400000, 0x000000070a600000|  0%| F|  |TAMS 0x000000070a400000, 0x000000070a400000| Untracked 
|   3|0x000000070a600000, 0x000000070a600000, 0x000000070a800000|  0%| F|  |TAMS 0x000000070a600000, 0x000000070a600000| Untracked 
|   4|0x000000070a800000, 0x000000070a800000, 0x000000070aa00000|  0%| F|  |TAMS 0x000000070a800000, 0x000000070a800000| Untracked 
|   5|0x000000070aa00000, 0x000000070aa00000, 0x000000070ac00000|  0%| F|  |TAMS 0x000000070aa00000, 0x000000070aa00000| Untracked 
|   6|0x000000070ac00000, 0x000000070ac00000, 0x000000070ae00000|  0%| F|  |TAMS 0x000000070ac00000, 0x000000070ac00000| Untracked 
|   7|0x000000070ae00000, 0x000000070ae00000, 0x000000070b000000|  0%| F|  |TAMS 0x000000070ae00000, 0x000000070ae00000| Untracked 
|   8|0x000000070b000000, 0x000000070b000000, 0x000000070b200000|  0%| F|  |TAMS 0x000000070b000000, 0x000000070b000000| Untracked 
|   9|0x000000070b200000, 0x000000070b200000, 0x000000070b400000|  0%| F|  |TAMS 0x000000070b200000, 0x000000070b200000| Untracked 
|  10|0x000000070b400000, 0x000000070b400000, 0x000000070b600000|  0%| F|  |TAMS 0x000000070b400000, 0x000000070b400000| Untracked 
|  11|0x000000070b600000, 0x000000070b600000, 0x000000070b800000|  0%| F|  |TAMS 0x000000070b600000, 0x000000070b600000| Untracked 
|  12|0x000000070b800000, 0x000000070b800000, 0x000000070ba00000|  0%| F|  |TAMS 0x000000070b800000, 0x000000070b800000| Untracked 
|  13|0x000000070ba00000, 0x000000070ba00000, 0x000000070bc00000|  0%| F|  |TAMS 0x000000070ba00000, 0x000000070ba00000| Untracked 
|  14|0x000000070bc00000, 0x000000070bc00000, 0x000000070be00000|  0%| F|  |TAMS 0x000000070bc00000, 0x000000070bc00000| Untracked 
|  15|0x000000070be00000, 0x000000070be00000, 0x000000070c000000|  0%| F|  |TAMS 0x000000070be00000, 0x000000070be00000| Untracked 
|  16|0x000000070c000000, 0x000000070c000000, 0x000000070c200000|  0%| F|  |TAMS 0x000000070c000000, 0x000000070c000000| Untracked 
|  17|0x000000070c200000, 0x000000070c200000, 0x000000070c400000|  0%| F|  |TAMS 0x000000070c200000, 0x000000070c200000| Untracked 
|  18|0x000000070c400000, 0x000000070c400000, 0x000000070c600000|  0%| F|  |TAMS 0x000000070c400000, 0x000000070c400000| Untracked 
|  19|0x000000070c600000, 0x000000070c600000, 0x000000070c800000|  0%| F|  |TAMS 0x000000070c600000, 0x000000070c600000| Untracked 
|  20|0x000000070c800000, 0x000000070c800000, 0x000000070ca00000|  0%| F|  |TAMS 0x000000070c800000, 0x000000070c800000| Untracked 
|  21|0x000000070ca00000, 0x000000070ca00000, 0x000000070cc00000|  0%| F|  |TAMS 0x000000070ca00000, 0x000000070ca00000| Untracked 
|  22|0x000000070cc00000, 0x000000070cc00000, 0x000000070ce00000|  0%| F|  |TAMS 0x000000070cc00000, 0x000000070cc00000| Untracked 
|  23|0x000000070ce00000, 0x000000070ce00000, 0x000000070d000000|  0%| F|  |TAMS 0x000000070ce00000, 0x000000070ce00000| Untracked 
|  24|0x000000070d000000, 0x000000070d000000, 0x000000070d200000|  0%| F|  |TAMS 0x000000070d000000, 0x000000070d000000| Untracked 
|  25|0x000000070d200000, 0x000000070d200000, 0x000000070d400000|  0%| F|  |TAMS 0x000000070d200000, 0x000000070d200000| Untracked 
|  26|0x000000070d400000, 0x000000070d400000, 0x000000070d600000|  0%| F|  |TAMS 0x000000070d400000, 0x000000070d400000| Untracked 
|  27|0x000000070d600000, 0x000000070d600000, 0x000000070d800000|  0%| F|  |TAMS 0x000000070d600000, 0x000000070d600000| Untracked 
|  28|0x000000070d800000, 0x000000070d800000, 0x000000070da00000|  0%| F|  |TAMS 0x000000070d800000, 0x000000070d800000| Untracked 
|  29|0x000000070da00000, 0x000000070da00000, 0x000000070dc00000|  0%| F|  |TAMS 0x000000070da00000, 0x000000070da00000| Untracked 
|  30|0x000000070dc00000, 0x000000070dc00000, 0x000000070de00000|  0%| F|  |TAMS 0x000000070dc00000, 0x000000070dc00000| Untracked 
|  31|0x000000070de00000, 0x000000070de00000, 0x000000070e000000|  0%| F|  |TAMS 0x000000070de00000, 0x000000070de00000| Untracked 
|  32|0x000000070e000000, 0x000000070e000000, 0x000000070e200000|  0%| F|  |TAMS 0x000000070e000000, 0x000000070e000000| Untracked 
|  33|0x000000070e200000, 0x000000070e200000, 0x000000070e400000|  0%| F|  |TAMS 0x000000070e200000, 0x000000070e200000| Untracked 
|  34|0x000000070e400000, 0x000000070e400000, 0x000000070e600000|  0%| F|  |TAMS 0x000000070e400000, 0x000000070e400000| Untracked 
|  35|0x000000070e600000, 0x000000070e600000, 0x000000070e800000|  0%| F|  |TAMS 0x000000070e600000, 0x000000070e600000| Untracked 
|  36|0x000000070e800000, 0x000000070e800000, 0x000000070ea00000|  0%| F|  |TAMS 0x000000070e800000, 0x000000070e800000| Untracked 
|  37|0x000000070ea00000, 0x000000070ea00000, 0x000000070ec00000|  0%| F|  |TAMS 0x000000070ea00000, 0x000000070ea00000| Untracked 
|  38|0x000000070ec00000, 0x000000070ec00000, 0x000000070ee00000|  0%| F|  |TAMS 0x000000070ec00000, 0x000000070ec00000| Untracked 
|  39|0x000000070ee00000, 0x000000070ee00000, 0x000000070f000000|  0%| F|  |TAMS 0x000000070ee00000, 0x000000070ee00000| Untracked 
|  40|0x000000070f000000, 0x000000070f000000, 0x000000070f200000|  0%| F|  |TAMS 0x000000070f000000, 0x000000070f000000| Untracked 
|  41|0x000000070f200000, 0x000000070f200000, 0x000000070f400000|  0%| F|  |TAMS 0x000000070f200000, 0x000000070f200000| Untracked 
|  42|0x000000070f400000, 0x000000070f400000, 0x000000070f600000|  0%| F|  |TAMS 0x000000070f400000, 0x000000070f400000| Untracked 
|  43|0x000000070f600000, 0x000000070f600000, 0x000000070f800000|  0%| F|  |TAMS 0x000000070f600000, 0x000000070f600000| Untracked 
|  44|0x000000070f800000, 0x000000070f800000, 0x000000070fa00000|  0%| F|  |TAMS 0x000000070f800000, 0x000000070f800000| Untracked 
|  45|0x000000070fa00000, 0x000000070fa00000, 0x000000070fc00000|  0%| F|  |TAMS 0x000000070fa00000, 0x000000070fa00000| Untracked 
|  46|0x000000070fc00000, 0x000000070fc00000, 0x000000070fe00000|  0%| F|  |TAMS 0x000000070fc00000, 0x000000070fc00000| Untracked 
|  47|0x000000070fe00000, 0x000000070fe00000, 0x0000000710000000|  0%| F|  |TAMS 0x000000070fe00000, 0x000000070fe00000| Untracked 
|  48|0x0000000710000000, 0x0000000710000000, 0x0000000710200000|  0%| F|  |TAMS 0x0000000710000000, 0x0000000710000000| Untracked 
|  49|0x0000000710200000, 0x0000000710200000, 0x0000000710400000|  0%| F|  |TAMS 0x0000000710200000, 0x0000000710200000| Untracked 
|  50|0x0000000710400000, 0x0000000710400000, 0x0000000710600000|  0%| F|  |TAMS 0x0000000710400000, 0x0000000710400000| Untracked 
|  51|0x0000000710600000, 0x0000000710600000, 0x0000000710800000|  0%| F|  |TAMS 0x0000000710600000, 0x0000000710600000| Untracked 
|  52|0x0000000710800000, 0x0000000710800000, 0x0000000710a00000|  0%| F|  |TAMS 0x0000000710800000, 0x0000000710800000| Untracked 
|  53|0x0000000710a00000, 0x0000000710a00000, 0x0000000710c00000|  0%| F|  |TAMS 0x0000000710a00000, 0x0000000710a00000| Untracked 
|  54|0x0000000710c00000, 0x0000000710c00000, 0x0000000710e00000|  0%| F|  |TAMS 0x0000000710c00000, 0x0000000710c00000| Untracked 
|  55|0x0000000710e00000, 0x0000000710e00000, 0x0000000711000000|  0%| F|  |TAMS 0x0000000710e00000, 0x0000000710e00000| Untracked 
|  56|0x0000000711000000, 0x0000000711000000, 0x0000000711200000|  0%| F|  |TAMS 0x0000000711000000, 0x0000000711000000| Untracked 
|  57|0x0000000711200000, 0x0000000711200000, 0x0000000711400000|  0%| F|  |TAMS 0x0000000711200000, 0x0000000711200000| Untracked 
|  58|0x0000000711400000, 0x0000000711400000, 0x0000000711600000|  0%| F|  |TAMS 0x0000000711400000, 0x0000000711400000| Untracked 
|  59|0x0000000711600000, 0x0000000711600000, 0x0000000711800000|  0%| F|  |TAMS 0x0000000711600000, 0x0000000711600000| Untracked 
|  60|0x0000000711800000, 0x0000000711800000, 0x0000000711a00000|  0%| F|  |TAMS 0x0000000711800000, 0x0000000711800000| Untracked 
|  61|0x0000000711a00000, 0x0000000711a00000, 0x0000000711c00000|  0%| F|  |TAMS 0x0000000711a00000, 0x0000000711a00000| Untracked 
|  62|0x0000000711c00000, 0x0000000711c00000, 0x0000000711e00000|  0%| F|  |TAMS 0x0000000711c00000, 0x0000000711c00000| Untracked 
|  63|0x0000000711e00000, 0x0000000711e00000, 0x0000000712000000|  0%| F|  |TAMS 0x0000000711e00000, 0x0000000711e00000| Untracked 
|  64|0x0000000712000000, 0x0000000712000000, 0x0000000712200000|  0%| F|  |TAMS 0x0000000712000000, 0x0000000712000000| Untracked 
|  65|0x0000000712200000, 0x0000000712200000, 0x0000000712400000|  0%| F|  |TAMS 0x0000000712200000, 0x0000000712200000| Untracked 
|  66|0x0000000712400000, 0x0000000712400000, 0x0000000712600000|  0%| F|  |TAMS 0x0000000712400000, 0x0000000712400000| Untracked 
|  67|0x0000000712600000, 0x0000000712600000, 0x0000000712800000|  0%| F|  |TAMS 0x0000000712600000, 0x0000000712600000| Untracked 
|  68|0x0000000712800000, 0x0000000712800000, 0x0000000712a00000|  0%| F|  |TAMS 0x0000000712800000, 0x0000000712800000| Untracked 
|  69|0x0000000712a00000, 0x0000000712a00000, 0x0000000712c00000|  0%| F|  |TAMS 0x0000000712a00000, 0x0000000712a00000| Untracked 
|  70|0x0000000712c00000, 0x0000000712c00000, 0x0000000712e00000|  0%| F|  |TAMS 0x0000000712c00000, 0x0000000712c00000| Untracked 
|  71|0x0000000712e00000, 0x0000000712e00000, 0x0000000713000000|  0%| F|  |TAMS 0x0000000712e00000, 0x0000000712e00000| Untracked 
|  72|0x0000000713000000, 0x0000000713000000, 0x0000000713200000|  0%| F|  |TAMS 0x0000000713000000, 0x0000000713000000| Untracked 
|  73|0x0000000713200000, 0x0000000713200000, 0x0000000713400000|  0%| F|  |TAMS 0x0000000713200000, 0x0000000713200000| Untracked 
|  74|0x0000000713400000, 0x0000000713400000, 0x0000000713600000|  0%| F|  |TAMS 0x0000000713400000, 0x0000000713400000| Untracked 
|  75|0x0000000713600000, 0x0000000713600000, 0x0000000713800000|  0%| F|  |TAMS 0x0000000713600000, 0x0000000713600000| Untracked 
|  76|0x0000000713800000, 0x0000000713800000, 0x0000000713a00000|  0%| F|  |TAMS 0x0000000713800000, 0x0000000713800000| Untracked 
|  77|0x0000000713a00000, 0x0000000713a00000, 0x0000000713c00000|  0%| F|  |TAMS 0x0000000713a00000, 0x0000000713a00000| Untracked 
|  78|0x0000000713c00000, 0x0000000713c00000, 0x0000000713e00000|  0%| F|  |TAMS 0x0000000713c00000, 0x0000000713c00000| Untracked 
|  79|0x0000000713e00000, 0x0000000713e00000, 0x0000000714000000|  0%| F|  |TAMS 0x0000000713e00000, 0x0000000713e00000| Untracked 
|  80|0x0000000714000000, 0x0000000714000000, 0x0000000714200000|  0%| F|  |TAMS 0x0000000714000000, 0x0000000714000000| Untracked 
|  81|0x0000000714200000, 0x0000000714200000, 0x0000000714400000|  0%| F|  |TAMS 0x0000000714200000, 0x0000000714200000| Untracked 
|  82|0x0000000714400000, 0x0000000714400000, 0x0000000714600000|  0%| F|  |TAMS 0x0000000714400000, 0x0000000714400000| Untracked 
|  83|0x0000000714600000, 0x0000000714600000, 0x0000000714800000|  0%| F|  |TAMS 0x0000000714600000, 0x0000000714600000| Untracked 
|  84|0x0000000714800000, 0x0000000714800000, 0x0000000714a00000|  0%| F|  |TAMS 0x0000000714800000, 0x0000000714800000| Untracked 
|  85|0x0000000714a00000, 0x0000000714a00000, 0x0000000714c00000|  0%| F|  |TAMS 0x0000000714a00000, 0x0000000714a00000| Untracked 
|  86|0x0000000714c00000, 0x0000000714c00000, 0x0000000714e00000|  0%| F|  |TAMS 0x0000000714c00000, 0x0000000714c00000| Untracked 
|  87|0x0000000714e00000, 0x0000000714e00000, 0x0000000715000000|  0%| F|  |TAMS 0x0000000714e00000, 0x0000000714e00000| Untracked 
|  88|0x0000000715000000, 0x0000000715000000, 0x0000000715200000|  0%| F|  |TAMS 0x0000000715000000, 0x0000000715000000| Untracked 
|  89|0x0000000715200000, 0x0000000715200000, 0x0000000715400000|  0%| F|  |TAMS 0x0000000715200000, 0x0000000715200000| Untracked 
|  90|0x0000000715400000, 0x0000000715400000, 0x0000000715600000|  0%| F|  |TAMS 0x0000000715400000, 0x0000000715400000| Untracked 
|  91|0x0000000715600000, 0x0000000715600000, 0x0000000715800000|  0%| F|  |TAMS 0x0000000715600000, 0x0000000715600000| Untracked 
|  92|0x0000000715800000, 0x0000000715800000, 0x0000000715a00000|  0%| F|  |TAMS 0x0000000715800000, 0x0000000715800000| Untracked 
|  93|0x0000000715a00000, 0x0000000715a00000, 0x0000000715c00000|  0%| F|  |TAMS 0x0000000715a00000, 0x0000000715a00000| Untracked 
|  94|0x0000000715c00000, 0x0000000715c00000, 0x0000000715e00000|  0%| F|  |TAMS 0x0000000715c00000, 0x0000000715c00000| Untracked 
|  95|0x0000000715e00000, 0x0000000715e00000, 0x0000000716000000|  0%| F|  |TAMS 0x0000000715e00000, 0x0000000715e00000| Untracked 
|  96|0x0000000716000000, 0x0000000716000000, 0x0000000716200000|  0%| F|  |TAMS 0x0000000716000000, 0x0000000716000000| Untracked 
|  97|0x0000000716200000, 0x0000000716200000, 0x0000000716400000|  0%| F|  |TAMS 0x0000000716200000, 0x0000000716200000| Untracked 
|  98|0x0000000716400000, 0x0000000716400000, 0x0000000716600000|  0%| F|  |TAMS 0x0000000716400000, 0x0000000716400000| Untracked 
|  99|0x0000000716600000, 0x0000000716600000, 0x0000000716800000|  0%| F|  |TAMS 0x0000000716600000, 0x0000000716600000| Untracked 
| 100|0x0000000716800000, 0x0000000716800000, 0x0000000716a00000|  0%| F|  |TAMS 0x0000000716800000, 0x0000000716800000| Untracked 
| 101|0x0000000716a00000, 0x0000000716a00000, 0x0000000716c00000|  0%| F|  |TAMS 0x0000000716a00000, 0x0000000716a00000| Untracked 
| 102|0x0000000716c00000, 0x0000000716c00000, 0x0000000716e00000|  0%| F|  |TAMS 0x0000000716c00000, 0x0000000716c00000| Untracked 
| 103|0x0000000716e00000, 0x0000000716e00000, 0x0000000717000000|  0%| F|  |TAMS 0x0000000716e00000, 0x0000000716e00000| Untracked 
| 104|0x0000000717000000, 0x0000000717000000, 0x0000000717200000|  0%| F|  |TAMS 0x0000000717000000, 0x0000000717000000| Untracked 
| 105|0x0000000717200000, 0x0000000717200000, 0x0000000717400000|  0%| F|  |TAMS 0x0000000717200000, 0x0000000717200000| Untracked 
| 106|0x0000000717400000, 0x0000000717400000, 0x0000000717600000|  0%| F|  |TAMS 0x0000000717400000, 0x0000000717400000| Untracked 
| 107|0x0000000717600000, 0x0000000717600000, 0x0000000717800000|  0%| F|  |TAMS 0x0000000717600000, 0x0000000717600000| Untracked 
| 108|0x0000000717800000, 0x0000000717800000, 0x0000000717a00000|  0%| F|  |TAMS 0x0000000717800000, 0x0000000717800000| Untracked 
| 109|0x0000000717a00000, 0x0000000717a00000, 0x0000000717c00000|  0%| F|  |TAMS 0x0000000717a00000, 0x0000000717a00000| Untracked 
| 110|0x0000000717c00000, 0x0000000717c00000, 0x0000000717e00000|  0%| F|  |TAMS 0x0000000717c00000, 0x0000000717c00000| Untracked 
| 111|0x0000000717e00000, 0x0000000717e00000, 0x0000000718000000|  0%| F|  |TAMS 0x0000000717e00000, 0x0000000717e00000| Untracked 
| 112|0x0000000718000000, 0x0000000718000000, 0x0000000718200000|  0%| F|  |TAMS 0x0000000718000000, 0x0000000718000000| Untracked 
| 113|0x0000000718200000, 0x0000000718359de8, 0x0000000718400000| 67%| E|  |TAMS 0x0000000718200000, 0x0000000718200000| Complete 
| 114|0x0000000718400000, 0x0000000718600000, 0x0000000718600000|100%| E|CS|TAMS 0x0000000718400000, 0x0000000718400000| Complete 
| 115|0x0000000718600000, 0x0000000718800000, 0x0000000718800000|100%| E|CS|TAMS 0x0000000718600000, 0x0000000718600000| Complete 
| 116|0x0000000718800000, 0x0000000718a00000, 0x0000000718a00000|100%| E|CS|TAMS 0x0000000718800000, 0x0000000718800000| Complete 
| 117|0x0000000718a00000, 0x0000000718c00000, 0x0000000718c00000|100%| E|CS|TAMS 0x0000000718a00000, 0x0000000718a00000| Complete 
| 118|0x0000000718c00000, 0x0000000718e00000, 0x0000000718e00000|100%| E|CS|TAMS 0x0000000718c00000, 0x0000000718c00000| Complete 
| 119|0x0000000718e00000, 0x0000000719000000, 0x0000000719000000|100%| E|CS|TAMS 0x0000000718e00000, 0x0000000718e00000| Complete 
| 120|0x0000000719000000, 0x0000000719200000, 0x0000000719200000|100%| E|CS|TAMS 0x0000000719000000, 0x0000000719000000| Complete 
| 121|0x0000000719200000, 0x0000000719400000, 0x0000000719400000|100%| E|  |TAMS 0x0000000719200000, 0x0000000719200000| Complete 
| 122|0x0000000719400000, 0x0000000719600000, 0x0000000719600000|100%| E|CS|TAMS 0x0000000719400000, 0x0000000719400000| Complete 

Card table byte_map: [0x0000014a16b20000,0x0000014a172d0000] _byte_map_base: 0x0000014a132d0000

Marking Bits (Prev, Next): (CMBitMap*) 0x0000014a0b512e90, (CMBitMap*) 0x0000014a0b512ed0
 Prev Bits: [0x0000014a17a80000, 0x0000014a1b800000)
 Next Bits: [0x0000014a1b800000, 0x0000014a1f580000)

Polling page: 0x0000014a09250000

Metaspace:

Usage:
  Non-class:      5.01 MB used.
      Class:    693.93 KB used.
       Both:      5.68 MB used.

Virtual space:
  Non-class space:        8.00 MB reserved,       5.06 MB ( 63%) committed,  1 nodes.
      Class space:        1.00 GB reserved,     768.00 KB ( <1%) committed,  1 nodes.
             Both:        1.01 GB reserved,       5.81 MB ( <1%) committed. 

Chunk freelists:
   Non-Class:  1.98 MB
       Class:  3.13 MB
        Both:  5.11 MB

MaxMetaspaceSize: unlimited
CompressedClassSpaceSize: 1.00 GB
Initial GC threshold: 21.00 MB
Current GC threshold: 21.00 MB
CDS: on
MetaspaceReclaimPolicy: balanced
 - commit_granule_bytes: 65536.
 - commit_granule_words: 8192.
 - virtual_space_node_default_size: 1048576.
 - enlarge_chunks_in_place: 1.
 - new_chunks_are_fully_committed: 0.
 - uncommit_free_chunks: 1.
 - use_allocation_guard: 0.
 - handle_deallocations: 1.


Internal statistics:

num_allocs_failed_limit: 0.
num_arena_births: 94.
num_arena_deaths: 0.
num_vsnodes_births: 2.
num_vsnodes_deaths: 0.
num_space_committed: 93.
num_space_uncommitted: 0.
num_chunks_returned_to_freelist: 0.
num_chunks_taken_from_freelist: 163.
num_chunk_merges: 0.
num_chunk_splits: 103.
num_chunks_enlarged: 62.
num_purges: 0.
num_inconsistent_stats: 0.

CodeCache: size=49152Kb used=4212Kb max_used=4212Kb free=44939Kb
 bounds [0x0000014a12d10000, 0x0000014a131a0000, 0x0000014a15d10000]
 total_blobs=1474 nmethods=1021 adapters=378
 compilation: disabled (not enough contiguous free space left)
              stopped_count=1, restarted_count=0
 full_count=1

Compilation events (20 events):
Event: 0.498 Thread 0x0000014a236c0f90 1010       1       sun.util.locale.LanguageTag::parseExtlangs (114 bytes)
Event: 0.498 Thread 0x0000014a225d4830 1009       1       sun.util.locale.LanguageTag::isLanguage (29 bytes)
Event: 0.499 Thread 0x0000014a2260f5e0 nmethod 1008 0x0000014a13122f90 code [0x0000014a13123140, 0x0000014a131233d8]
Event: 0.499 Thread 0x0000014a2260f5e0 1011       1       sun.util.locale.LanguageTag::parseScript (55 bytes)
Event: 0.499 Thread 0x0000014a225d4830 nmethod 1009 0x0000014a13123590 code [0x0000014a13123740, 0x0000014a13123998]
Event: 0.499 Thread 0x0000014a236c0f90 nmethod 1010 0x0000014a13123b90 code [0x0000014a13123d80, 0x0000014a13124198]
Event: 0.499 Thread 0x0000014a225d4830 1012       1       sun.util.locale.LanguageTag::parseRegion (55 bytes)
Event: 0.499 Thread 0x0000014a236c0f90 1013       1       sun.util.locale.LanguageTag::parseVariants (98 bytes)
Event: 0.499 Thread 0x0000014a230d9e50 nmethod 1002 0x0000014a13124410 code [0x0000014a131246c0, 0x0000014a13125028]
Event: 0.499 Thread 0x0000014a2260f5e0 nmethod 1011 0x0000014a13125590 code [0x0000014a13125740, 0x0000014a131259d8]
Event: 0.499 Thread 0x0000014a2260f5e0 1032       1       sun.util.locale.LocaleUtils::toTitleString (139 bytes)
Event: 0.499 Thread 0x0000014a225d4830 nmethod 1012 0x0000014a13125b90 code [0x0000014a13125d40, 0x0000014a13125f58]
Event: 0.499 Thread 0x0000014a230d9e50 1014       1       sun.util.locale.LanguageTag::parseExtensions (208 bytes)
Event: 0.499 Thread 0x0000014a225d4830 1015       1       sun.util.locale.LanguageTag::parsePrivateuse (144 bytes)
Event: 0.499 Thread 0x0000014a236c0f90 nmethod 1013 0x0000014a13126090 code [0x0000014a13126280, 0x0000014a131265e8]
Event: 0.499 Thread 0x0000014a236c0f90 1016       1       sun.util.locale.InternalLocaleBuilder::setLanguageTag (173 bytes)
Event: 0.500 Thread 0x0000014a225d4830 nmethod 1015 0x0000014a13127790 code [0x0000014a131279c0, 0x0000014a13128048]
Event: 0.500 Thread 0x0000014a2260f5e0 nmethod 1032 0x0000014a13126790 code [0x0000014a131269c0, 0x0000014a13127268]
Event: 0.500 Thread 0x0000014a236c0f90 nmethod 1016 0x0000014a13128410 code [0x0000014a13128720, 0x0000014a131292f8]
Event: 0.500 Thread 0x0000014a230d9e50 nmethod 1014 0x0000014a13129790 code [0x0000014a13129a40, 0x0000014a1312a4a8]

GC Heap History (0 events):
No events

Deoptimization events (2 events):
Event: 0.245 Thread 0x0000014a0b4c1410 DEOPT PACKING pc=0x0000014a12f8f1ad sp=0x00000046899fe0f0
Event: 0.245 Thread 0x0000014a0b4c1410 DEOPT UNPACKING pc=0x0000014a12d62b43 sp=0x00000046899fd650 mode 3

Classes unloaded (0 events):
No events

Classes redefined (0 events):
No events

Internal exceptions (15 events):
Event: 0.245 Thread 0x0000014a0b4c1410 Implicit null exception at 0x0000014a12f8ead3 to 0x0000014a12f8f1a8
Event: 0.268 Thread 0x0000014a23537650 Exception <a 'java/lang/NoSuchMethodError'{0x0000000718d76418}: 'java.lang.Object java.lang.invoke.DirectMethodHandle$Holder.invokeStaticInit(java.lang.Object)'> (0x0000000718d76418) 
thrown [t:\workspace\open\src\hotspot\share\interpreter\linkResolver.cpp, line 766]
Event: 0.274 Thread 0x0000014a23537650 Exception <a 'java/lang/NoSuchMethodError'{0x0000000718d83e78}: 'void java.lang.invoke.DirectMethodHandle$Holder.invokeStatic(java.lang.Object, java.lang.Object)'> (0x0000000718d83e78) 
thrown [t:\workspace\open\src\hotspot\share\interpreter\linkResolver.cpp, line 766]
Event: 0.294 Thread 0x0000014a0b4c1410 Exception <a 'java/lang/NoSuchMethodError'{0x0000000718d52b30}: 'int java.lang.invoke.DirectMethodHandle$Holder.invokeInterface(java.lang.Object, java.lang.Object)'> (0x0000000718d52b30) 
thrown [t:\workspace\open\src\hotspot\share\interpreter\linkResolver.cpp, line 766]
Event: 0.295 Thread 0x0000014a0b4c1410 Exception <a 'java/lang/IncompatibleClassChangeError'{0x0000000718d56130}: Found class java.lang.Object, but interface was expected> (0x0000000718d56130) 
thrown [t:\workspace\open\src\hotspot\share\interpreter\linkResolver.cpp, line 833]
Event: 0.327 Thread 0x0000014a0b4c1410 Exception <a 'java/lang/NoSuchMethodError'{0x0000000718a92460}: 'int java.lang.invoke.DirectMethodHandle$Holder.invokeSpecial(java.lang.Object, java.lang.Object, java.lang.Object)'> (0x0000000718a92460) 
thrown [t:\workspace\open\src\hotspot\share\interpreter\linkResolver.cpp, line 766]
Event: 0.353 Thread 0x0000014a0b4c1410 Exception <a 'java/lang/NoSuchMethodError'{0x0000000718b8c288}: 'void java.lang.invoke.DirectMethodHandle$Holder.invokeStatic(java.lang.Object, java.lang.Object, java.lang.Object)'> (0x0000000718b8c288) 
thrown [t:\workspace\open\src\hotspot\share\interpreter\linkResolver.cpp, line 766]
Event: 0.360 Thread 0x0000014a0b4c1410 Exception <a 'java/lang/NoSuchMethodError'{0x0000000718bc8f60}: 'int java.lang.invoke.DirectMethodHandle$Holder.invokeSpecialIFC(java.lang.Object, java.lang.Object, java.lang.Object)'> (0x0000000718bc8f60) 
thrown [t:\workspace\open\src\hotspot\share\interpreter\linkResolver.cpp, line 766]
Event: 0.377 Thread 0x0000014a0b4c1410 Exception <a 'java/lang/NoSuchMethodError'{0x000000071883ec18}: 'java.lang.Object java.lang.invoke.DirectMethodHandle$Holder.invokeStaticInit(java.lang.Object, int, int, int, int)'> (0x000000071883ec18) 
thrown [t:\workspace\open\src\hotspot\share\interpreter\linkResolver.cpp, line 766]
Event: 0.424 Thread 0x0000014a0b4c1410 Exception <a 'java/lang/NoSuchMethodError'{0x000000071890f6d8}: 'java.lang.Object java.lang.invoke.DirectMethodHandle$Holder.invokeStaticInit(java.lang.Object, java.lang.Object, int, int, int, int)'> (0x000000071890f6d8) 
thrown [t:\workspace\open\src\hotspot\share\interpreter\linkResolver.cpp, line 766]
Event: 0.439 Thread 0x0000014a0b4c1410 Exception <a 'java/lang/ClassNotFoundException'{0x000000071892e2d8}: javax/management/remote/rmi/RMIServerImpl_Skel> (0x000000071892e2d8) 
thrown [t:\workspace\open\src\hotspot\share\classfile\systemDictionary.cpp, line 256]
Event: 0.476 Thread 0x0000014a0b4c1410 Exception <a 'java/lang/ClassNotFoundException'{0x0000000718711c58}: javax/smartcardio/CardPermission> (0x0000000718711c58) 
thrown [t:\workspace\open\src\hotspot\share\classfile\systemDictionary.cpp, line 256]
Event: 0.478 Thread 0x0000014a0b4c1410 Exception <a 'java/io/FileNotFoundException'{0x0000000718720118}> (0x0000000718720118) 
thrown [t:\workspace\open\src\hotspot\share\prims\jni.cpp, line 516]
Event: 0.530 Thread 0x0000014a0b4c1410 Exception <a 'java/lang/NoSuchMethodError'{0x0000000718256c08}: 'java.lang.Object java.lang.invoke.DirectMethodHandle$Holder.invokeSpecialIFC(java.lang.Object, java.lang.Object, java.lang.Object, java.lang.Object)'> (0x0000000718256c08) 
thrown [t:\workspace\open\src\hotspot\share\interpreter\linkResolver.cpp, line 766]
Event: 0.538 Thread 0x0000014a0b4c1410 Exception <a 'java/lang/NoSuchMethodError'{0x00000007182ecfb0}: 'int java.lang.invoke.DirectMethodHandle$Holder.invokeStaticInit(java.lang.Object, java.lang.Object)'> (0x00000007182ecfb0) 
thrown [t:\workspace\open\src\hotspot\share\interpreter\linkResolver.cpp, line 766]

VM Operations (12 events):
Event: 0.154 Executing VM operation: HandshakeAllThreads
Event: 0.154 Executing VM operation: HandshakeAllThreads done
Event: 0.268 Executing VM operation: HandshakeAllThreads
Event: 0.268 Executing VM operation: HandshakeAllThreads done
Event: 0.298 Executing VM operation: HandshakeAllThreads
Event: 0.298 Executing VM operation: HandshakeAllThreads done
Event: 0.369 Executing VM operation: HandshakeAllThreads
Event: 0.369 Executing VM operation: HandshakeAllThreads done
Event: 0.450 Executing VM operation: HandshakeAllThreads
Event: 0.450 Executing VM operation: HandshakeAllThreads done
Event: 0.525 Executing VM operation: HandshakeAllThreads
Event: 0.525 Executing VM operation: HandshakeAllThreads done

Events (20 events):
Event: 0.524 loading class java/net/JarURLConnection done
Event: 0.524 loading class sun/net/www/protocol/jar/JarURLConnection done
Event: 0.524 loading class sun/net/www/protocol/jar/JarFileFactory
Event: 0.524 loading class sun/net/www/protocol/jar/URLJarFile$URLJarFileCloseController
Event: 0.524 loading class sun/net/www/protocol/jar/URLJarFile$URLJarFileCloseController done
Event: 0.524 loading class sun/net/www/protocol/jar/JarFileFactory done
Event: 0.525 loading class sun/net/www/protocol/jar/URLJarFile
Event: 0.525 loading class sun/net/www/protocol/jar/URLJarFile done
Event: 0.525 loading class sun/net/www/protocol/jar/URLJarFile$URLJarFileEntry
Event: 0.525 loading class sun/net/www/protocol/jar/URLJarFile$URLJarFileEntry done
Event: 0.525 loading class sun/net/www/protocol/jar/JarURLConnection$JarURLInputStream
Event: 0.525 loading class sun/net/www/protocol/jar/JarURLConnection$JarURLInputStream done
Event: 0.529 loading class java/util/zip/ZipFile$ZipEntryIterator
Event: 0.529 loading class java/util/zip/ZipFile$ZipEntryIterator done
Event: 0.532 loading class java/lang/invoke/DirectMethodHandle$Special
Event: 0.532 loading class java/lang/invoke/DirectMethodHandle$Special done
Event: 0.537 loading class java/lang/Byte$ByteCache
Event: 0.537 loading class java/lang/Byte$ByteCache done
Event: 0.537 loading class java/lang/Short$ShortCache
Event: 0.537 loading class java/lang/Short$ShortCache done


Dynamic libraries:
0x00007ff736010000 - 0x00007ff736020000 	D:\JAVA\jdk-17.0.2\bin\java.exe
0x00007ffecfe90000 - 0x00007ffed0085000 	C:\WINDOWS\SYSTEM32\ntdll.dll
0x00007ffecf1d0000 - 0x00007ffecf28d000 	C:\WINDOWS\System32\KERNEL32.DLL
0x00007ffecd8a0000 - 0x00007ffecdb6d000 	C:\WINDOWS\System32\KERNELBASE.dll
0x00007ffecd6d0000 - 0x00007ffecd7d0000 	C:\WINDOWS\System32\ucrtbase.dll
0x00007ffec8b00000 - 0x00007ffec8b1a000 	D:\JAVA\jdk-17.0.2\bin\VCRUNTIME140.dll
0x00007ffec8b20000 - 0x00007ffec8b38000 	D:\JAVA\jdk-17.0.2\bin\jli.dll
0x00007ffece5b0000 - 0x00007ffece65e000 	C:\WINDOWS\System32\ADVAPI32.dll
0x00007ffece410000 - 0x00007ffece4ae000 	C:\WINDOWS\System32\msvcrt.dll
0x00007ffece510000 - 0x00007ffece5ac000 	C:\WINDOWS\System32\sechost.dll
0x00007ffecfb20000 - 0x00007ffecfc45000 	C:\WINDOWS\System32\RPCRT4.dll
0x00007ffecf450000 - 0x00007ffecf5f0000 	C:\WINDOWS\System32\USER32.dll
0x00007ffecd6a0000 - 0x00007ffecd6c2000 	C:\WINDOWS\System32\win32u.dll
0x00007ffece6c0000 - 0x00007ffece6ea000 	C:\WINDOWS\System32\GDI32.dll
0x00007ffecdd20000 - 0x00007ffecde2b000 	C:\WINDOWS\System32\gdi32full.dll
0x00007ffecd800000 - 0x00007ffecd89d000 	C:\WINDOWS\System32\msvcp_win.dll
0x00007ffeb23b0000 - 0x00007ffeb264a000 	C:\WINDOWS\WinSxS\amd64_microsoft.windows.common-controls_6595b64144ccf1df_6.0.19041.1110_none_60b5254171f9507e\COMCTL32.dll
0x00007ffec37a0000 - 0x00007ffec37aa000 	C:\WINDOWS\SYSTEM32\VERSION.dll
0x00007ffece250000 - 0x00007ffece280000 	C:\WINDOWS\System32\IMM32.DLL
0x00007ffec9090000 - 0x00007ffec909c000 	D:\JAVA\jdk-17.0.2\bin\vcruntime140_1.dll
0x00007ffec8a30000 - 0x00007ffec8abd000 	D:\JAVA\jdk-17.0.2\bin\msvcp140.dll
0x00007ffea6e40000 - 0x00007ffea7a01000 	D:\JAVA\jdk-17.0.2\bin\server\jvm.dll
0x00007ffece400000 - 0x00007ffece408000 	C:\WINDOWS\System32\PSAPI.DLL
0x00007ffec7e40000 - 0x00007ffec7e49000 	C:\WINDOWS\SYSTEM32\WSOCK32.dll
0x00007ffec3770000 - 0x00007ffec3797000 	C:\WINDOWS\SYSTEM32\WINMM.dll
0x00007ffecefa0000 - 0x00007ffecf00b000 	C:\WINDOWS\System32\WS2_32.dll
0x00007ffecbe60000 - 0x00007ffecbe72000 	C:\WINDOWS\SYSTEM32\kernel.appcore.dll
0x00007ffec8bb0000 - 0x00007ffec8bba000 	D:\JAVA\jdk-17.0.2\bin\jimage.dll
0x00007ffecbc20000 - 0x00007ffecbe04000 	C:\WINDOWS\SYSTEM32\DBGHELP.DLL
0x00007ffec8b80000 - 0x00007ffec8bac000 	C:\WINDOWS\SYSTEM32\dbgcore.DLL
0x00007ffecd610000 - 0x00007ffecd692000 	C:\WINDOWS\System32\bcryptPrimitives.dll
0x00007ffec7c00000 - 0x00007ffec7c0e000 	D:\JAVA\jdk-17.0.2\bin\instrument.dll
0x00007ffec8ad0000 - 0x00007ffec8af5000 	D:\JAVA\jdk-17.0.2\bin\java.dll
0x00007ffebce70000 - 0x00007ffebcf46000 	D:\JAVA\jdk-17.0.2\bin\jsvml.dll
0x00007ffece850000 - 0x00007ffecef94000 	C:\WINDOWS\System32\SHELL32.dll
0x00007ffecb3b0000 - 0x00007ffecbb44000 	C:\WINDOWS\SYSTEM32\windows.storage.dll
0x00007ffecdef0000 - 0x00007ffece244000 	C:\WINDOWS\System32\combase.dll
0x00007ffeccf30000 - 0x00007ffeccf5c000 	C:\WINDOWS\SYSTEM32\Wldp.dll
0x00007ffecf5f0000 - 0x00007ffecf69d000 	C:\WINDOWS\System32\SHCORE.dll
0x00007ffecf170000 - 0x00007ffecf1c5000 	C:\WINDOWS\System32\shlwapi.dll
0x00007ffecd4e0000 - 0x00007ffecd4ff000 	C:\WINDOWS\SYSTEM32\profapi.dll
0x00007ffec7e70000 - 0x00007ffec7e88000 	D:\JAVA\jdk-17.0.2\bin\zip.dll
0x00007ffec8a10000 - 0x00007ffec8a29000 	D:\JAVA\jdk-17.0.2\bin\net.dll
0x00007ffec4eb0000 - 0x00007ffec4fba000 	C:\WINDOWS\SYSTEM32\WINHTTP.dll
0x00007ffeccc90000 - 0x00007ffecccfa000 	C:\WINDOWS\system32\mswsock.dll
0x00007ffec7e90000 - 0x00007ffec7ea6000 	D:\JAVA\jdk-17.0.2\bin\nio.dll
0x00007ffebd210000 - 0x00007ffebd22a000 	D:\IntelliJ IDEA 2020.2.3\IntelliJ IDEA 2021.2.4\bin\breakgen64.dll
0x00007ffecc9c0000 - 0x00007ffecca8b000 	C:\WINDOWS\SYSTEM32\DNSAPI.dll
0x00007ffecc980000 - 0x00007ffecc9bb000 	C:\WINDOWS\SYSTEM32\IPHLPAPI.DLL
0x00007ffecdee0000 - 0x00007ffecdee8000 	C:\WINDOWS\System32\NSI.dll
0x00007ffec5e20000 - 0x00007ffec5e2a000 	C:\Windows\System32\rasadhlp.dll
0x00007ffec4b50000 - 0x00007ffec4bd0000 	C:\WINDOWS\System32\fwpuclnt.dll
0x00007ffecd7d0000 - 0x00007ffecd7f7000 	C:\WINDOWS\System32\bcrypt.dll
0x00007ffec7bf0000 - 0x00007ffec7bf9000 	D:\JAVA\jdk-17.0.2\bin\management.dll
0x00007ffec7be0000 - 0x00007ffec7beb000 	D:\JAVA\jdk-17.0.2\bin\management_ext.dll
0x00007ffecce90000 - 0x00007ffeccea8000 	C:\WINDOWS\SYSTEM32\CRYPTSP.dll
0x00007ffecc610000 - 0x00007ffecc644000 	C:\WINDOWS\system32\rsaenh.dll
0x00007ffecd4a0000 - 0x00007ffecd4ce000 	C:\WINDOWS\SYSTEM32\USERENV.dll
0x00007ffecce80000 - 0x00007ffecce8c000 	C:\WINDOWS\SYSTEM32\CRYPTBASE.dll
0x00007ffec62d0000 - 0x00007ffec62e7000 	C:\WINDOWS\SYSTEM32\dhcpcsvc6.DLL
0x00007ffec5e90000 - 0x00007ffec5ead000 	C:\WINDOWS\SYSTEM32\dhcpcsvc.DLL
0x00007ffeba410000 - 0x00007ffeba427000 	C:\WINDOWS\system32\napinsp.dll
0x00007ffeba3f0000 - 0x00007ffeba40b000 	C:\WINDOWS\system32\pnrpnsp.dll
0x00007ffeb5a00000 - 0x00007ffeb5a15000 	C:\WINDOWS\system32\wshbth.dll
0x00007ffec89e0000 - 0x00007ffec89fd000 	C:\WINDOWS\system32\NLAapi.dll
0x00007ffeba3d0000 - 0x00007ffeba3e2000 	C:\WINDOWS\System32\winrnr.dll

dbghelp: loaded successfully - version: 4.0.5 - missing functions: none
symbol engine: initialized successfully - sym options: 0x614 - pdb path: .;D:\JAVA\jdk-17.0.2\bin;C:\WINDOWS\SYSTEM32;C:\WINDOWS\WinSxS\amd64_microsoft.windows.common-controls_6595b64144ccf1df_6.0.19041.1110_none_60b5254171f9507e;D:\JAVA\jdk-17.0.2\bin\server;D:\IntelliJ IDEA 2020.2.3\IntelliJ IDEA 2021.2.4\bin

VM Arguments:
jvm_args: -XX:TieredStopAtLevel=1 -Xverify:none -Dspring.output.ansi.enabled=always -javaagent:D:\IntelliJ IDEA 2020.2.3\IntelliJ IDEA 2021.2.4\lib\idea_rt.jar=53226:D:\IntelliJ IDEA 2020.2.3\IntelliJ IDEA 2021.2.4\bin -Dcom.sun.management.jmxremote -Dspring.jmx.enabled=true -Dspring.liveBeansView.mbeanDomain -Dspring.application.admin.enabled=true -Dfile.encoding=UTF-8 
java_command: com.example.algorithm.AlgorithmApplication
java_class_path (initial): D:\IdeaProjects\algorithm\target\classes;D:\apache-maven-3.8.1\localRepository\org\springframework\boot\spring-boot-starter-thymeleaf\2.6.8\spring-boot-starter-thymeleaf-2.6.8.jar;D:\apache-maven-3.8.1\localRepository\org\springframework\boot\spring-boot-starter\2.6.8\spring-boot-starter-2.6.8.jar;D:\apache-maven-3.8.1\localRepository\org\springframework\boot\spring-boot-starter-logging\2.6.8\spring-boot-starter-logging-2.6.8.jar;D:\apache-maven-3.8.1\localRepository\ch\qos\logback\logback-classic\1.2.11\logback-classic-1.2.11.jar;D:\apache-maven-3.8.1\localRepository\ch\qos\logback\logback-core\1.2.11\logback-core-1.2.11.jar;D:\apache-maven-3.8.1\localRepository\org\apache\logging\log4j\log4j-to-slf4j\2.17.2\log4j-to-slf4j-2.17.2.jar;D:\apache-maven-3.8.1\localRepository\org\apache\logging\log4j\log4j-api\2.17.2\log4j-api-2.17.2.jar;D:\apache-maven-3.8.1\localRepository\org\slf4j\jul-to-slf4j\1.7.36\jul-to-slf4j-1.7.36.jar;D:\apache-maven-3.8.1\localRepository\jakarta\annotation\jakarta.annotation-api\1.3.5\jakarta.annotation-api-1.3.5.jar;D:\apache-maven-3.8.1\localRepository\org\yaml\snakeyaml\1.29\snakeyaml-1.29.jar;D:\apache-maven-3.8.1\localRepository\org\thymeleaf\thymeleaf-spring5\3.0.15.RELEASE\thymeleaf-spring5-3.0.15.RELEASE.jar;D:\apache-maven-3.8.1\localRepository\org\thymeleaf\thymeleaf\3.0.15.RELEASE\thymeleaf-3.0.15.RELEASE.jar;D:\apache-maven-3.8.1\localRepository\org\attoparser\attoparser\2.0.5.RELEASE\attoparser-2.0.5.RELEASE.jar;D:\apache-maven-3.8.1\localRepository\org\unbescape\unbescape\1.1.6.RELEASE\unbescape-1.1.6.RELEASE.jar;D:\apache-maven-3.8.1\localRepository\org\slf4j\slf4j-api\1.7.36\slf4j-api-1.7.36.jar;D:\apache-maven-3.8.1\localRepository\org\thymeleaf\extras\thymeleaf-extras-java8time\3.0.4.RELEASE\thymeleaf-extras-java8time-3.0.4.RELEASE.jar;D:\apache-maven-3.8.1\localRepository\org\springframework\boot\spring-boot-starter-web\2.6.8\spring-boot-starter-web-2.6.8.jar;D:\apache-maven-3.8.1\localRepositor
Launcher Type: SUN_STANDARD

[Global flags]
     intx CICompilerCount                          = 12                                        {product} {ergonomic}
     uint ConcGCThreads                            = 3                                         {product} {ergonomic}
     uint G1ConcRefinementThreads                  = 13                                        {product} {ergonomic}
   size_t G1HeapRegionSize                         = 2097152                                   {product} {ergonomic}
    uintx GCDrainStackTargetSize                   = 64                                        {product} {ergonomic}
   size_t InitialHeapSize                          = 257949696                                 {product} {ergonomic}
     bool ManagementServer                         = true                                      {product} {command line}
   size_t MarkStackSize                            = 4194304                                   {product} {ergonomic}
   size_t MaxHeapSize                              = 4127195136                                {product} {ergonomic}
   size_t MaxNewSize                               = 2474639360                                {product} {ergonomic}
   size_t MinHeapDeltaBytes                        = 2097152                                   {product} {ergonomic}
   size_t MinHeapSize                              = 8388608                                   {product} {ergonomic}
    uintx NonProfiledCodeHeapSize                  = 0                                      {pd product} {ergonomic}
     bool ProfileInterpreter                       = false                                  {pd product} {command line}
    uintx ProfiledCodeHeapSize                     = 0                                      {pd product} {ergonomic}
   size_t SoftMaxHeapSize                          = 4127195136                             {manageable} {ergonomic}
     intx TieredStopAtLevel                        = 1                                         {product} {command line}
     bool UseCompressedClassPointers               = true                           {product lp64_product} {ergonomic}
     bool UseCompressedOops                        = true                           {product lp64_product} {ergonomic}
     bool UseG1GC                                  = true                                      {product} {ergonomic}
     bool UseLargePagesIndividualAllocation        = false                                  {pd product} {ergonomic}

Logging:
Log output configuration:
 #0: stdout all=warning uptime,level,tags
 #1: stderr all=off uptime,level,tags

Environment Variables:
JAVA_HOME=D:\JAVA\jdk-11.0.12
PATH=C:\Program Files\Common Files\Oracle\Java\javapath;C:\Program Files\PlasticSCM5\server;C:\Program Files\PlasticSCM5\client;C:\Program Files (x86)\Common Files\Oracle\Java\javapath;C:\Windows\system32;C:\Windows;C:\Windows\System32\Wbem;C:\Windows\System32\WindowsPowerShell\v1.0\;C:\Windows\System32\OpenSSH\;C:\Program Files (x86)\NVIDIA Corporation\PhysX\Common;D:\JAVA\jdk-11.0.12\bin;%CATALINA_HOME%\bin;C:\Program Files\NVIDIA Corporation\NVIDIA NvDLISR;C:\WINDOWS\system32;C:\WINDOWS;C:\WINDOWS\System32\Wbem;C:\WINDOWS\System32\WindowsPowerShell\v1.0\;C:\WINDOWS\System32\OpenSSH\;C:\Program Files (x86)\GtkSharp\2.12\bin;C:\Program Files\MySQL\MySQL Server 5.7\bin;D:\apache-maven-3.8.1\bin;D:\spring-boot-cli-2.0.1.RELEASE-bin\spring-2.0.1.RELEASE\bin;C:\Program Files\TortoiseGit\bin;C:\Program Files\dotnet\;D:\Go\bin;D:\Xshell\;D:\Xftp\;D:\nodejs\;D:\python\Scripts\;D:\python\;C:\Users\zheyuan he\AppData\Local\Microsoft\WindowsApps;;D:\IntelliJ IDEA 2020.2.3\IntelliJ IDEA 2021.2.4\bin;;C:\Program Files\Bandizip\;D:\Microsoft VS Code\bin;C:\Users\zheyuan he\.dotnet\tools;D:\Bandizip\;D:\GoLand 2020.3.5\bin;;C:\Users\zheyuan he\go\bin;D:\pycharm\PyCharm 2020.3.5\bin;;C:\Users\zheyuan he\AppData\Roaming\npm;D:\DataGrip 2021.2.4\bin;
USERNAME=zheyuan he
OS=Windows_NT
PROCESSOR_IDENTIFIER=AMD64 Family 23 Model 96 Stepping 1, AuthenticAMD



---------------  S Y S T E M  ---------------

OS:
 Windows 10 , 64 bit Build 19041 (10.0.19041.1706)
OS uptime: 1 days 2:03 hours

CPU: total 16 (initial active 16) (16 cores per cpu, 2 threads per core) family 23 model 96 stepping 1 microcode 0x0, cx8, cmov, fxsr, ht, mmx, 3dnowpref, sse, sse2, sse3, ssse3, sse4a, sse4.1, sse4.2, popcnt, lzcnt, tsc, tscinvbit, avx, avx2, aes, clmul, bmi1, bmi2, adx, sha, fma, vzeroupper, clflush, clflushopt

Memory: 4k page, system-wide physical 15741M (6501M free)
TotalPageFile size 31741M (AvailPageFile size 3M)
current process WorkingSet (physical memory assigned to process): 64M, peak: 64M
current process commit charge ("private bytes"): 353M, peak: 353M

vm_info: Java HotSpot(TM) 64-Bit Server VM (17.0.2+8-LTS-86) for windows-amd64 JRE (17.0.2+8-LTS-86), built on Dec  7 2021 21:51:03 by "mach5one" with MS VC++ 16.8 / 16.9 (VS2019)

END.
