#
# There is insufficient memory for the Java Runtime Environment to continue.
# Native memory allocation (mmap) failed to map 65536 bytes for Failed to commit metaspace.
# Possible reasons:
#   The system is out of physical RAM or swap space
#   The process is running with CompressedOops enabled, and the Java Heap may be blocking the growth of the native heap
# Possible solutions:
#   Reduce memory load on the system
#   Increase physical memory or swap space
#   Check if swap backing store is full
#   Decrease Java heap size (-Xmx/-Xms)
#   Decrease number of Java threads
#   Decrease Java thread stack sizes (-Xss)
#   Set larger code cache with -XX:ReservedCodeCacheSize=
#   JVM is running with Zero Based Compressed Oops mode in which the Java heap is
#     placed in the first 32GB address space. The Java Heap base address is the
#     maximum limit for the native heap growth. Please use -XX:HeapBaseMinAddress
#     to set the Java Heap base and to place the Java Heap above 32GB virtual address.
# This output file may be truncated or incomplete.
#
#  Out of Memory Error (virtualSpaceNode.cpp:110), pid=4888, tid=16396
#
# JRE version: Java(TM) SE Runtime Environment (17.0.2+8) (build 17.0.2+8-LTS-86)
# Java VM: Java HotSpot(TM) 64-Bit Server VM (17.0.2+8-LTS-86, mixed mode, emulated-client, sharing, tiered, compressed oops, compressed class ptrs, g1 gc, windows-amd64)
# No core dump will be written. Minidumps are not enabled by default on client versions of Windows
#

---------------  S U M M A R Y ------------

Command Line: -XX:TieredStopAtLevel=1 -Xverify:none -Dspring.output.ansi.enabled=always -javaagent:D:\IntelliJ IDEA 2020.2.3\IntelliJ IDEA 2021.2.4\lib\idea_rt.jar=53232:D:\IntelliJ IDEA 2020.2.3\IntelliJ IDEA 2021.2.4\bin -Dcom.sun.management.jmxremote -Dspring.jmx.enabled=true -Dspring.liveBeansView.mbeanDomain -Dspring.application.admin.enabled=true -Dfile.encoding=UTF-8 com.example.algorithm.AlgorithmApplication

Host: AMD Ryzen 7 4800H with Radeon Graphics         , 16 cores, 15G,  Windows 10 , 64 bit Build 19041 (10.0.19041.1706)
Time: Tue Jun 21 03:50:41 2022  Windows 10 , 64 bit Build 19041 (10.0.19041.1706) elapsed time: 0.707655 seconds (0d 0h 0m 0s)

---------------  T H R E A D  ---------------

Current thread (0x0000026e0426ffe0):  JavaThread "restartedMain" [_thread_in_vm, id=16396, stack(0x000000f1f5100000,0x000000f1f5200000)]

Stack: [0x000000f1f5100000,0x000000f1f5200000]
Native frames: (J=compiled Java code, j=interpreted, Vv=VM code, C=native code)
V  [jvm.dll+0x670baa]
V  [jvm.dll+0x7cfcb4]
V  [jvm.dll+0x7d145e]
V  [jvm.dll+0x7d1ac3]
V  [jvm.dll+0x242bc5]
V  [jvm.dll+0x7cbc5b]
V  [jvm.dll+0x616966]
V  [jvm.dll+0x1be3ee]
V  [jvm.dll+0x6192a1]
V  [jvm.dll+0x617306]
V  [jvm.dll+0x238627]
V  [jvm.dll+0x1e3a83]
V  [jvm.dll+0x1e8836]
V  [jvm.dll+0x1de251]
V  [jvm.dll+0x537c30]
V  [jvm.dll+0x74ad28]
V  [jvm.dll+0x74ae14]
V  [jvm.dll+0x408cc5]
V  [jvm.dll+0x40ed18]
C  [java.dll+0x17ec]

Java frames: (J=compiled Java code, j=interpreted, Vv=VM code)
J 1224  java.lang.ClassLoader.defineClass1(Ljava/lang/ClassLoader;Ljava/lang/String;[BIILjava/security/ProtectionDomain;Ljava/lang/String;)Ljava/lang/Class; java.base@17.0.2 (0 bytes) @ 0x0000026e730f0d63 [0x0000026e730f0ca0+0x00000000000000c3]
J 1258 c1 java.lang.ClassLoader.defineClass(Ljava/lang/String;[BIILjava/security/ProtectionDomain;)Ljava/lang/Class; java.base@17.0.2 (43 bytes) @ 0x0000026e731022ec [0x0000026e731021e0+0x000000000000010c]
J 1247 c1 jdk.internal.loader.BuiltinClassLoader.defineClass(Ljava/lang/String;Ljdk/internal/loader/Resource;)Ljava/lang/Class; java.base@17.0.2 (121 bytes) @ 0x0000026e730fe3f4 [0x0000026e730fdf20+0x00000000000004d4]
J 1229 c1 jdk.internal.loader.BuiltinClassLoader.findClassOnClassPathOrNull(Ljava/lang/String;)Ljava/lang/Class; java.base@17.0.2 (64 bytes) @ 0x0000026e730f4d44 [0x0000026e730f4a80+0x00000000000002c4]
J 1066 c1 jdk.internal.loader.BuiltinClassLoader.loadClassOrNull(Ljava/lang/String;Z)Ljava/lang/Class; java.base@17.0.2 (143 bytes) @ 0x0000026e730aa004 [0x0000026e730a9b80+0x0000000000000484]
J 1166 c1 jdk.internal.loader.ClassLoaders$AppClassLoader.loadClass(Ljava/lang/String;Z)Ljava/lang/Class; java.base@17.0.2 (40 bytes) @ 0x0000026e730d712c [0x0000026e730d6fe0+0x000000000000014c]
J 1155 c1 java.lang.ClassLoader.loadClass(Ljava/lang/String;)Ljava/lang/Class; java.base@17.0.2 (7 bytes) @ 0x0000026e730d3164 [0x0000026e730d3120+0x0000000000000044]
v  ~StubRoutines::call_stub
j  org.springframework.boot.context.config.ConfigDataEnvironment.processAndApply()V+0
j  org.springframework.boot.context.config.ConfigDataEnvironmentPostProcessor.postProcessEnvironment(Lorg/springframework/core/env/ConfigurableEnvironment;Lorg/springframework/core/io/ResourceLoader;Ljava/util/Collection;)V+34
j  org.springframework.boot.context.config.ConfigDataEnvironmentPostProcessor.postProcessEnvironment(Lorg/springframework/core/env/ConfigurableEnvironment;Lorg/springframework/boot/SpringApplication;)V+10
j  org.springframework.boot.env.EnvironmentPostProcessorApplicationListener.onApplicationEnvironmentPreparedEvent(Lorg/springframework/boot/context/event/ApplicationEnvironmentPreparedEvent;)V+55
j  org.springframework.boot.env.EnvironmentPostProcessorApplicationListener.onApplicationEvent(Lorg/springframework/context/ApplicationEvent;)V+12
j  org.springframework.context.event.SimpleApplicationEventMulticaster.doInvokeListener(Lorg/springframework/context/ApplicationListener;Lorg/springframework/context/ApplicationEvent;)V+2
j  org.springframework.context.event.SimpleApplicationEventMulticaster.invokeListener(Lorg/springframework/context/ApplicationListener;Lorg/springframework/context/ApplicationEvent;)V+34
j  org.springframework.context.event.SimpleApplicationEventMulticaster.multicastEvent(Lorg/springframework/context/ApplicationEvent;Lorg/springframework/core/ResolvableType;)V+83
j  org.springframework.context.event.SimpleApplicationEventMulticaster.multicastEvent(Lorg/springframework/context/ApplicationEvent;)V+7
j  org.springframework.boot.context.event.EventPublishingRunListener.environmentPrepared(Lorg/springframework/boot/ConfigurableBootstrapContext;Lorg/springframework/core/env/ConfigurableEnvironment;)V+21
j  org.springframework.boot.SpringApplicationRunListeners.lambda$environmentPrepared$2(Lorg/springframework/boot/ConfigurableBootstrapContext;Lorg/springframework/core/env/ConfigurableEnvironment;Lorg/springframework/boot/SpringApplicationRunListener;)V+3
j  org.springframework.boot.SpringApplicationRunListeners$$Lambda$154+0x0000000800d12b58.accept(Ljava/lang/Object;)V+12
j  java.util.ArrayList.forEach(Ljava/util/function/Consumer;)V+46 java.base@17.0.2
j  org.springframework.boot.SpringApplicationRunListeners.doWithListeners(Ljava/lang/String;Ljava/util/function/Consumer;Ljava/util/function/Consumer;)V+17
j  org.springframework.boot.SpringApplicationRunListeners.doWithListeners(Ljava/lang/String;Ljava/util/function/Consumer;)V+4
j  org.springframework.boot.SpringApplicationRunListeners.environmentPrepared(Lorg/springframework/boot/ConfigurableBootstrapContext;Lorg/springframework/core/env/ConfigurableEnvironment;)V+10
j  org.springframework.boot.SpringApplication.prepareEnvironment(Lorg/springframework/boot/SpringApplicationRunListeners;Lorg/springframework/boot/DefaultBootstrapContext;Lorg/springframework/boot/ApplicationArguments;)Lorg/springframework/core/env/ConfigurableEnvironment;+27
j  org.springframework.boot.SpringApplication.run([Ljava/lang/String;)Lorg/springframework/context/ConfigurableApplicationContext;+52
j  org.springframework.boot.SpringApplication.run([Ljava/lang/Class;[Ljava/lang/String;)Lorg/springframework/context/ConfigurableApplicationContext;+9
j  org.springframework.boot.SpringApplication.run(Ljava/lang/Class;[Ljava/lang/String;)Lorg/springframework/context/ConfigurableApplicationContext;+9
j  com.example.algorithm.AlgorithmApplication.main([Ljava/lang/String;)V+3
v  ~StubRoutines::call_stub
j  jdk.internal.reflect.NativeMethodAccessorImpl.invoke0(Ljava/lang/reflect/Method;Ljava/lang/Object;[Ljava/lang/Object;)Ljava/lang/Object;+0 java.base@17.0.2
j  jdk.internal.reflect.NativeMethodAccessorImpl.invoke(Ljava/lang/Object;[Ljava/lang/Object;)Ljava/lang/Object;+133 java.base@17.0.2
j  jdk.internal.reflect.DelegatingMethodAccessorImpl.invoke(Ljava/lang/Object;[Ljava/lang/Object;)Ljava/lang/Object;+6 java.base@17.0.2
j  java.lang.reflect.Method.invoke(Ljava/lang/Object;[Ljava/lang/Object;)Ljava/lang/Object;+59 java.base@17.0.2
j  org.springframework.boot.devtools.restart.RestartLauncher.run()V+42
v  ~StubRoutines::call_stub

---------------  P R O C E S S  ---------------

Threads class SMR info:
_java_thread_list=0x0000026e04248a60, length=20, elements={
0x0000026e69b432c0, 0x0000026e02c9f490, 0x0000026e02ca0100, 0x0000026e038024b0,
0x0000026e03803030, 0x0000026e038049f0, 0x0000026e038093b0, 0x0000026e0380dd70,
0x0000026e03811c60, 0x0000026e0386ed30, 0x0000026e02c8ad10, 0x0000026e03d41d00,
0x0000026e03d421d0, 0x0000026e03e9fab0, 0x0000026e03eab590, 0x0000026e0408f2a0,
0x0000026e04090040, 0x0000026e04090550, 0x0000026e04267700, 0x0000026e0426ffe0
}

Java Threads: ( => current thread )
  0x0000026e69b432c0 JavaThread "main" [_thread_blocked, id=15948, stack(0x000000f1f2f00000,0x000000f1f3000000)]
  0x0000026e02c9f490 JavaThread "Reference Handler" daemon [_thread_blocked, id=14628, stack(0x000000f1f3600000,0x000000f1f3700000)]
  0x0000026e02ca0100 JavaThread "Finalizer" daemon [_thread_blocked, id=480, stack(0x000000f1f3700000,0x000000f1f3800000)]
  0x0000026e038024b0 JavaThread "Signal Dispatcher" daemon [_thread_blocked, id=20676, stack(0x000000f1f3800000,0x000000f1f3900000)]
  0x0000026e03803030 JavaThread "Attach Listener" daemon [_thread_blocked, id=828, stack(0x000000f1f3900000,0x000000f1f3a00000)]
  0x0000026e038049f0 JavaThread "Service Thread" daemon [_thread_blocked, id=2960, stack(0x000000f1f3a00000,0x000000f1f3b00000)]
  0x0000026e038093b0 JavaThread "Monitor Deflation Thread" daemon [_thread_blocked, id=20744, stack(0x000000f1f3b00000,0x000000f1f3c00000)]
  0x0000026e0380dd70 JavaThread "C1 CompilerThread0" daemon [_thread_blocked, id=12360, stack(0x000000f1f3c00000,0x000000f1f3d00000)]
  0x0000026e03811c60 JavaThread "Sweeper thread" daemon [_thread_blocked, id=20344, stack(0x000000f1f3d00000,0x000000f1f3e00000)]
  0x0000026e0386ed30 JavaThread "Common-Cleaner" daemon [_thread_blocked, id=20964, stack(0x000000f1f3e00000,0x000000f1f3f00000)]
  0x0000026e02c8ad10 JavaThread "C1 CompilerThread1" daemon [_thread_blocked, id=9920, stack(0x000000f1f3f00000,0x000000f1f4000000)]
  0x0000026e03d41d00 JavaThread "Monitor Ctrl-Break" daemon [_thread_in_native, id=19932, stack(0x000000f1f4000000,0x000000f1f4100000)]
  0x0000026e03d421d0 JavaThread "Notification Thread" daemon [_thread_blocked, id=19452, stack(0x000000f1f4100000,0x000000f1f4200000)]
  0x0000026e03e9fab0 JavaThread "C1 CompilerThread2" daemon [_thread_blocked, id=15880, stack(0x000000f1f4200000,0x000000f1f4300000)]
  0x0000026e03eab590 JavaThread "RMI TCP Accept-0" daemon [_thread_in_native, id=15604, stack(0x000000f1f4300000,0x000000f1f4400000)]
  0x0000026e0408f2a0 JavaThread "C1 CompilerThread3" daemon [_thread_blocked, id=17108, stack(0x000000f1f4500000,0x000000f1f4600000)]
  0x0000026e04090040 JavaThread "C1 CompilerThread4" daemon [_thread_blocked, id=18356, stack(0x000000f1f4600000,0x000000f1f4700000)]
  0x0000026e04090550 JavaThread "C1 CompilerThread5" daemon [_thread_blocked, id=11908, stack(0x000000f1f4700000,0x000000f1f4800000)]
  0x0000026e04267700 JavaThread "Thread-0" [_thread_blocked, id=12532, stack(0x000000f1f5000000,0x000000f1f5100000)]
=>0x0000026e0426ffe0 JavaThread "restartedMain" [_thread_in_vm, id=16396, stack(0x000000f1f5100000,0x000000f1f5200000)]

Other Threads:
  0x0000026e02c98980 VMThread "VM Thread" [stack: 0x000000f1f3500000,0x000000f1f3600000] [id=484]
  0x0000026e03eb2160 WatcherThread [stack: 0x000000f1f4400000,0x000000f1f4500000] [id=21464]
  0x0000026e69b922d0 GCTaskThread "GC Thread#0" [stack: 0x000000f1f3000000,0x000000f1f3100000] [id=20788]
  0x0000026e040afa90 GCTaskThread "GC Thread#1" [stack: 0x000000f1f4800000,0x000000f1f4900000] [id=17452]
  0x0000026e040afd40 GCTaskThread "GC Thread#2" [stack: 0x000000f1f4900000,0x000000f1f4a00000] [id=13768]
  0x0000026e040af530 GCTaskThread "GC Thread#3" [stack: 0x000000f1f4a00000,0x000000f1f4b00000] [id=8684]
  0x0000026e040afff0 GCTaskThread "GC Thread#4" [stack: 0x000000f1f4b00000,0x000000f1f4c00000] [id=21484]
  0x0000026e040b02a0 GCTaskThread "GC Thread#5" [stack: 0x000000f1f4c00000,0x000000f1f4d00000] [id=15620]
  0x0000026e040aefd0 GCTaskThread "GC Thread#6" [stack: 0x000000f1f4d00000,0x000000f1f4e00000] [id=18092]
  0x0000026e040b0ab0 GCTaskThread "GC Thread#7" [stack: 0x000000f1f4e00000,0x000000f1f4f00000] [id=3812]
  0x0000026e69ba2810 ConcurrentGCThread "G1 Main Marker" [stack: 0x000000f1f3100000,0x000000f1f3200000] [id=2936]
  0x0000026e69ba39d0 ConcurrentGCThread "G1 Conc#0" [stack: 0x000000f1f3200000,0x000000f1f3300000] [id=12468]
  0x0000026e69c0ca40 ConcurrentGCThread "G1 Refine#0" [stack: 0x000000f1f3300000,0x000000f1f3400000] [id=12268]
  0x0000026e041f1b30 ConcurrentGCThread "G1 Refine#1" [stack: 0x000000f1f4f00000,0x000000f1f5000000] [id=18392]
  0x0000026e02b55660 ConcurrentGCThread "G1 Service" [stack: 0x000000f1f3400000,0x000000f1f3500000] [id=9848]

Threads with active compile tasks:

VM state: not at safepoint (normal execution)

VM Mutex/Monitor currently owned by a thread:  ([mutex/lock_event])
[0x0000026e69b3c1a0] Metaspace_lock - owner thread: 0x0000026e0426ffe0

Heap address: 0x000000070a000000, size: 3936 MB, Compressed Oops mode: Zero based, Oop shift amount: 3

CDS archive(s) mapped at: [0x0000000800000000-0x0000000800bc0000-0x0000000800bc0000), size 12320768, SharedBaseAddress: 0x0000000800000000, ArchiveRelocationMode: 0.
Compressed class space mapped at: 0x0000000800c00000-0x0000000840c00000, reserved size: 1073741824
Narrow klass base: 0x0000000800000000, Narrow klass shift: 0, Narrow klass range: 0x100000000

GC Precious Log:
 CPUs: 16 total, 16 available
 Memory: 15741M
 Large Page Support: Disabled
 NUMA Support: Disabled
 Compressed Oops: Enabled (Zero based)
 Heap Region Size: 2M
 Heap Min Capacity: 8M
 Heap Initial Capacity: 246M
 Heap Max Capacity: 3936M
 Pre-touch: Disabled
 Parallel Workers: 13
 Concurrent Workers: 3
 Concurrent Refinement Workers: 13
 Periodic GC: Disabled

Heap:
 garbage-first heap   total 251904K, used 21062K [0x000000070a000000, 0x0000000800000000)
  region size 2048K, 9 young (18432K), 2 survivors (4096K)
 Metaspace       used 8531K, committed 8704K, reserved 1056768K
  class space    used 1099K, committed 1216K, reserved 1048576K

Heap Regions: E=young(eden), S=young(survivor), O=old, HS=humongous(starts), HC=humongous(continues), CS=collection set, F=free, OA=open archive, CA=closed archive, TAMS=top-at-mark-start (previous, next)
|   0|0x000000070a000000, 0x000000070a200000, 0x000000070a200000|100%| O|  |TAMS 0x000000070a000000, 0x000000070a000000| Untracked 
|   1|0x000000070a200000, 0x000000070a400000, 0x000000070a400000|100%| O|  |TAMS 0x000000070a200000, 0x000000070a200000| Untracked 
|   2|0x000000070a400000, 0x000000070a491800, 0x000000070a600000| 28%| O|  |TAMS 0x000000070a400000, 0x000000070a400000| Untracked 
|   3|0x000000070a600000, 0x000000070a600000, 0x000000070a800000|  0%| F|  |TAMS 0x000000070a600000, 0x000000070a600000| Untracked 
|   4|0x000000070a800000, 0x000000070a800000, 0x000000070aa00000|  0%| F|  |TAMS 0x000000070a800000, 0x000000070a800000| Untracked 
|   5|0x000000070aa00000, 0x000000070aa00000, 0x000000070ac00000|  0%| F|  |TAMS 0x000000070aa00000, 0x000000070aa00000| Untracked 
|   6|0x000000070ac00000, 0x000000070ac00000, 0x000000070ae00000|  0%| F|  |TAMS 0x000000070ac00000, 0x000000070ac00000| Untracked 
|   7|0x000000070ae00000, 0x000000070ae00000, 0x000000070b000000|  0%| F|  |TAMS 0x000000070ae00000, 0x000000070ae00000| Untracked 
|   8|0x000000070b000000, 0x000000070b000000, 0x000000070b200000|  0%| F|  |TAMS 0x000000070b000000, 0x000000070b000000| Untracked 
|   9|0x000000070b200000, 0x000000070b200000, 0x000000070b400000|  0%| F|  |TAMS 0x000000070b200000, 0x000000070b200000| Untracked 
|  10|0x000000070b400000, 0x000000070b400000, 0x000000070b600000|  0%| F|  |TAMS 0x000000070b400000, 0x000000070b400000| Untracked 
|  11|0x000000070b600000, 0x000000070b600000, 0x000000070b800000|  0%| F|  |TAMS 0x000000070b600000, 0x000000070b600000| Untracked 
|  12|0x000000070b800000, 0x000000070b800000, 0x000000070ba00000|  0%| F|  |TAMS 0x000000070b800000, 0x000000070b800000| Untracked 
|  13|0x000000070ba00000, 0x000000070ba00000, 0x000000070bc00000|  0%| F|  |TAMS 0x000000070ba00000, 0x000000070ba00000| Untracked 
|  14|0x000000070bc00000, 0x000000070bc00000, 0x000000070be00000|  0%| F|  |TAMS 0x000000070bc00000, 0x000000070bc00000| Untracked 
|  15|0x000000070be00000, 0x000000070be00000, 0x000000070c000000|  0%| F|  |TAMS 0x000000070be00000, 0x000000070be00000| Untracked 
|  16|0x000000070c000000, 0x000000070c000000, 0x000000070c200000|  0%| F|  |TAMS 0x000000070c000000, 0x000000070c000000| Untracked 
|  17|0x000000070c200000, 0x000000070c200000, 0x000000070c400000|  0%| F|  |TAMS 0x000000070c200000, 0x000000070c200000| Untracked 
|  18|0x000000070c400000, 0x000000070c400000, 0x000000070c600000|  0%| F|  |TAMS 0x000000070c400000, 0x000000070c400000| Untracked 
|  19|0x000000070c600000, 0x000000070c600000, 0x000000070c800000|  0%| F|  |TAMS 0x000000070c600000, 0x000000070c600000| Untracked 
|  20|0x000000070c800000, 0x000000070c800000, 0x000000070ca00000|  0%| F|  |TAMS 0x000000070c800000, 0x000000070c800000| Untracked 
|  21|0x000000070ca00000, 0x000000070ca00000, 0x000000070cc00000|  0%| F|  |TAMS 0x000000070ca00000, 0x000000070ca00000| Untracked 
|  22|0x000000070cc00000, 0x000000070cc00000, 0x000000070ce00000|  0%| F|  |TAMS 0x000000070cc00000, 0x000000070cc00000| Untracked 
|  23|0x000000070ce00000, 0x000000070ce00000, 0x000000070d000000|  0%| F|  |TAMS 0x000000070ce00000, 0x000000070ce00000| Untracked 
|  24|0x000000070d000000, 0x000000070d000000, 0x000000070d200000|  0%| F|  |TAMS 0x000000070d000000, 0x000000070d000000| Untracked 
|  25|0x000000070d200000, 0x000000070d200000, 0x000000070d400000|  0%| F|  |TAMS 0x000000070d200000, 0x000000070d200000| Untracked 
|  26|0x000000070d400000, 0x000000070d400000, 0x000000070d600000|  0%| F|  |TAMS 0x000000070d400000, 0x000000070d400000| Untracked 
|  27|0x000000070d600000, 0x000000070d600000, 0x000000070d800000|  0%| F|  |TAMS 0x000000070d600000, 0x000000070d600000| Untracked 
|  28|0x000000070d800000, 0x000000070d800000, 0x000000070da00000|  0%| F|  |TAMS 0x000000070d800000, 0x000000070d800000| Untracked 
|  29|0x000000070da00000, 0x000000070da00000, 0x000000070dc00000|  0%| F|  |TAMS 0x000000070da00000, 0x000000070da00000| Untracked 
|  30|0x000000070dc00000, 0x000000070dc00000, 0x000000070de00000|  0%| F|  |TAMS 0x000000070dc00000, 0x000000070dc00000| Untracked 
|  31|0x000000070de00000, 0x000000070de00000, 0x000000070e000000|  0%| F|  |TAMS 0x000000070de00000, 0x000000070de00000| Untracked 
|  32|0x000000070e000000, 0x000000070e000000, 0x000000070e200000|  0%| F|  |TAMS 0x000000070e000000, 0x000000070e000000| Untracked 
|  33|0x000000070e200000, 0x000000070e200000, 0x000000070e400000|  0%| F|  |TAMS 0x000000070e200000, 0x000000070e200000| Untracked 
|  34|0x000000070e400000, 0x000000070e400000, 0x000000070e600000|  0%| F|  |TAMS 0x000000070e400000, 0x000000070e400000| Untracked 
|  35|0x000000070e600000, 0x000000070e600000, 0x000000070e800000|  0%| F|  |TAMS 0x000000070e600000, 0x000000070e600000| Untracked 
|  36|0x000000070e800000, 0x000000070e800000, 0x000000070ea00000|  0%| F|  |TAMS 0x000000070e800000, 0x000000070e800000| Untracked 
|  37|0x000000070ea00000, 0x000000070ea00000, 0x000000070ec00000|  0%| F|  |TAMS 0x000000070ea00000, 0x000000070ea00000| Untracked 
|  38|0x000000070ec00000, 0x000000070ec00000, 0x000000070ee00000|  0%| F|  |TAMS 0x000000070ec00000, 0x000000070ec00000| Untracked 
|  39|0x000000070ee00000, 0x000000070ee00000, 0x000000070f000000|  0%| F|  |TAMS 0x000000070ee00000, 0x000000070ee00000| Untracked 
|  40|0x000000070f000000, 0x000000070f000000, 0x000000070f200000|  0%| F|  |TAMS 0x000000070f000000, 0x000000070f000000| Untracked 
|  41|0x000000070f200000, 0x000000070f200000, 0x000000070f400000|  0%| F|  |TAMS 0x000000070f200000, 0x000000070f200000| Untracked 
|  42|0x000000070f400000, 0x000000070f400000, 0x000000070f600000|  0%| F|  |TAMS 0x000000070f400000, 0x000000070f400000| Untracked 
|  43|0x000000070f600000, 0x000000070f600000, 0x000000070f800000|  0%| F|  |TAMS 0x000000070f600000, 0x000000070f600000| Untracked 
|  44|0x000000070f800000, 0x000000070f800000, 0x000000070fa00000|  0%| F|  |TAMS 0x000000070f800000, 0x000000070f800000| Untracked 
|  45|0x000000070fa00000, 0x000000070fa00000, 0x000000070fc00000|  0%| F|  |TAMS 0x000000070fa00000, 0x000000070fa00000| Untracked 
|  46|0x000000070fc00000, 0x000000070fc00000, 0x000000070fe00000|  0%| F|  |TAMS 0x000000070fc00000, 0x000000070fc00000| Untracked 
|  47|0x000000070fe00000, 0x000000070fe00000, 0x0000000710000000|  0%| F|  |TAMS 0x000000070fe00000, 0x000000070fe00000| Untracked 
|  48|0x0000000710000000, 0x0000000710000000, 0x0000000710200000|  0%| F|  |TAMS 0x0000000710000000, 0x0000000710000000| Untracked 
|  49|0x0000000710200000, 0x0000000710200000, 0x0000000710400000|  0%| F|  |TAMS 0x0000000710200000, 0x0000000710200000| Untracked 
|  50|0x0000000710400000, 0x0000000710400000, 0x0000000710600000|  0%| F|  |TAMS 0x0000000710400000, 0x0000000710400000| Untracked 
|  51|0x0000000710600000, 0x0000000710600000, 0x0000000710800000|  0%| F|  |TAMS 0x0000000710600000, 0x0000000710600000| Untracked 
|  52|0x0000000710800000, 0x0000000710800000, 0x0000000710a00000|  0%| F|  |TAMS 0x0000000710800000, 0x0000000710800000| Untracked 
|  53|0x0000000710a00000, 0x0000000710a00000, 0x0000000710c00000|  0%| F|  |TAMS 0x0000000710a00000, 0x0000000710a00000| Untracked 
|  54|0x0000000710c00000, 0x0000000710c00000, 0x0000000710e00000|  0%| F|  |TAMS 0x0000000710c00000, 0x0000000710c00000| Untracked 
|  55|0x0000000710e00000, 0x0000000710e00000, 0x0000000711000000|  0%| F|  |TAMS 0x0000000710e00000, 0x0000000710e00000| Untracked 
|  56|0x0000000711000000, 0x0000000711000000, 0x0000000711200000|  0%| F|  |TAMS 0x0000000711000000, 0x0000000711000000| Untracked 
|  57|0x0000000711200000, 0x0000000711200000, 0x0000000711400000|  0%| F|  |TAMS 0x0000000711200000, 0x0000000711200000| Untracked 
|  58|0x0000000711400000, 0x0000000711400000, 0x0000000711600000|  0%| F|  |TAMS 0x0000000711400000, 0x0000000711400000| Untracked 
|  59|0x0000000711600000, 0x0000000711600000, 0x0000000711800000|  0%| F|  |TAMS 0x0000000711600000, 0x0000000711600000| Untracked 
|  60|0x0000000711800000, 0x0000000711800000, 0x0000000711a00000|  0%| F|  |TAMS 0x0000000711800000, 0x0000000711800000| Untracked 
|  61|0x0000000711a00000, 0x0000000711a00000, 0x0000000711c00000|  0%| F|  |TAMS 0x0000000711a00000, 0x0000000711a00000| Untracked 
|  62|0x0000000711c00000, 0x0000000711c00000, 0x0000000711e00000|  0%| F|  |TAMS 0x0000000711c00000, 0x0000000711c00000| Untracked 
|  63|0x0000000711e00000, 0x0000000711e00000, 0x0000000712000000|  0%| F|  |TAMS 0x0000000711e00000, 0x0000000711e00000| Untracked 
|  64|0x0000000712000000, 0x0000000712000000, 0x0000000712200000|  0%| F|  |TAMS 0x0000000712000000, 0x0000000712000000| Untracked 
|  65|0x0000000712200000, 0x0000000712200000, 0x0000000712400000|  0%| F|  |TAMS 0x0000000712200000, 0x0000000712200000| Untracked 
|  66|0x0000000712400000, 0x0000000712400000, 0x0000000712600000|  0%| F|  |TAMS 0x0000000712400000, 0x0000000712400000| Untracked 
|  67|0x0000000712600000, 0x0000000712600000, 0x0000000712800000|  0%| F|  |TAMS 0x0000000712600000, 0x0000000712600000| Untracked 
|  68|0x0000000712800000, 0x0000000712800000, 0x0000000712a00000|  0%| F|  |TAMS 0x0000000712800000, 0x0000000712800000| Untracked 
|  69|0x0000000712a00000, 0x0000000712a00000, 0x0000000712c00000|  0%| F|  |TAMS 0x0000000712a00000, 0x0000000712a00000| Untracked 
|  70|0x0000000712c00000, 0x0000000712c00000, 0x0000000712e00000|  0%| F|  |TAMS 0x0000000712c00000, 0x0000000712c00000| Untracked 
|  71|0x0000000712e00000, 0x0000000712e00000, 0x0000000713000000|  0%| F|  |TAMS 0x0000000712e00000, 0x0000000712e00000| Untracked 
|  72|0x0000000713000000, 0x0000000713000000, 0x0000000713200000|  0%| F|  |TAMS 0x0000000713000000, 0x0000000713000000| Untracked 
|  73|0x0000000713200000, 0x0000000713200000, 0x0000000713400000|  0%| F|  |TAMS 0x0000000713200000, 0x0000000713200000| Untracked 
|  74|0x0000000713400000, 0x0000000713400000, 0x0000000713600000|  0%| F|  |TAMS 0x0000000713400000, 0x0000000713400000| Untracked 
|  75|0x0000000713600000, 0x0000000713600000, 0x0000000713800000|  0%| F|  |TAMS 0x0000000713600000, 0x0000000713600000| Untracked 
|  76|0x0000000713800000, 0x0000000713800000, 0x0000000713a00000|  0%| F|  |TAMS 0x0000000713800000, 0x0000000713800000| Untracked 
|  77|0x0000000713a00000, 0x0000000713a00000, 0x0000000713c00000|  0%| F|  |TAMS 0x0000000713a00000, 0x0000000713a00000| Untracked 
|  78|0x0000000713c00000, 0x0000000713c00000, 0x0000000713e00000|  0%| F|  |TAMS 0x0000000713c00000, 0x0000000713c00000| Untracked 
|  79|0x0000000713e00000, 0x0000000713e00000, 0x0000000714000000|  0%| F|  |TAMS 0x0000000713e00000, 0x0000000713e00000| Untracked 
|  80|0x0000000714000000, 0x0000000714000000, 0x0000000714200000|  0%| F|  |TAMS 0x0000000714000000, 0x0000000714000000| Untracked 
|  81|0x0000000714200000, 0x0000000714200000, 0x0000000714400000|  0%| F|  |TAMS 0x0000000714200000, 0x0000000714200000| Untracked 
|  82|0x0000000714400000, 0x0000000714400000, 0x0000000714600000|  0%| F|  |TAMS 0x0000000714400000, 0x0000000714400000| Untracked 
|  83|0x0000000714600000, 0x0000000714600000, 0x0000000714800000|  0%| F|  |TAMS 0x0000000714600000, 0x0000000714600000| Untracked 
|  84|0x0000000714800000, 0x0000000714800000, 0x0000000714a00000|  0%| F|  |TAMS 0x0000000714800000, 0x0000000714800000| Untracked 
|  85|0x0000000714a00000, 0x0000000714a00000, 0x0000000714c00000|  0%| F|  |TAMS 0x0000000714a00000, 0x0000000714a00000| Untracked 
|  86|0x0000000714c00000, 0x0000000714c00000, 0x0000000714e00000|  0%| F|  |TAMS 0x0000000714c00000, 0x0000000714c00000| Untracked 
|  87|0x0000000714e00000, 0x0000000714e00000, 0x0000000715000000|  0%| F|  |TAMS 0x0000000714e00000, 0x0000000714e00000| Untracked 
|  88|0x0000000715000000, 0x0000000715000000, 0x0000000715200000|  0%| F|  |TAMS 0x0000000715000000, 0x0000000715000000| Untracked 
|  89|0x0000000715200000, 0x0000000715200000, 0x0000000715400000|  0%| F|  |TAMS 0x0000000715200000, 0x0000000715200000| Untracked 
|  90|0x0000000715400000, 0x0000000715400000, 0x0000000715600000|  0%| F|  |TAMS 0x0000000715400000, 0x0000000715400000| Untracked 
|  91|0x0000000715600000, 0x0000000715600000, 0x0000000715800000|  0%| F|  |TAMS 0x0000000715600000, 0x0000000715600000| Untracked 
|  92|0x0000000715800000, 0x0000000715800000, 0x0000000715a00000|  0%| F|  |TAMS 0x0000000715800000, 0x0000000715800000| Untracked 
|  93|0x0000000715a00000, 0x0000000715a00000, 0x0000000715c00000|  0%| F|  |TAMS 0x0000000715a00000, 0x0000000715a00000| Untracked 
|  94|0x0000000715c00000, 0x0000000715c00000, 0x0000000715e00000|  0%| F|  |TAMS 0x0000000715c00000, 0x0000000715c00000| Untracked 
|  95|0x0000000715e00000, 0x0000000715e00000, 0x0000000716000000|  0%| F|  |TAMS 0x0000000715e00000, 0x0000000715e00000| Untracked 
|  96|0x0000000716000000, 0x0000000716000000, 0x0000000716200000|  0%| F|  |TAMS 0x0000000716000000, 0x0000000716000000| Untracked 
|  97|0x0000000716200000, 0x0000000716200000, 0x0000000716400000|  0%| F|  |TAMS 0x0000000716200000, 0x0000000716200000| Untracked 
|  98|0x0000000716400000, 0x0000000716400000, 0x0000000716600000|  0%| F|  |TAMS 0x0000000716400000, 0x0000000716400000| Untracked 
|  99|0x0000000716600000, 0x0000000716600000, 0x0000000716800000|  0%| F|  |TAMS 0x0000000716600000, 0x0000000716600000| Untracked 
| 100|0x0000000716800000, 0x0000000716800000, 0x0000000716a00000|  0%| F|  |TAMS 0x0000000716800000, 0x0000000716800000| Untracked 
| 101|0x0000000716a00000, 0x0000000716a00000, 0x0000000716c00000|  0%| F|  |TAMS 0x0000000716a00000, 0x0000000716a00000| Untracked 
| 102|0x0000000716c00000, 0x0000000716c00000, 0x0000000716e00000|  0%| F|  |TAMS 0x0000000716c00000, 0x0000000716c00000| Untracked 
| 103|0x0000000716e00000, 0x0000000716e00000, 0x0000000717000000|  0%| F|  |TAMS 0x0000000716e00000, 0x0000000716e00000| Untracked 
| 104|0x0000000717000000, 0x0000000717000000, 0x0000000717200000|  0%| F|  |TAMS 0x0000000717000000, 0x0000000717000000| Untracked 
| 105|0x0000000717200000, 0x0000000717200000, 0x0000000717400000|  0%| F|  |TAMS 0x0000000717200000, 0x0000000717200000| Untracked 
| 106|0x0000000717400000, 0x0000000717400000, 0x0000000717600000|  0%| F|  |TAMS 0x0000000717400000, 0x0000000717400000| Untracked 
| 107|0x0000000717600000, 0x0000000717600000, 0x0000000717800000|  0%| F|  |TAMS 0x0000000717600000, 0x0000000717600000| Untracked 
| 108|0x0000000717800000, 0x0000000717800000, 0x0000000717a00000|  0%| F|  |TAMS 0x0000000717800000, 0x0000000717800000| Untracked 
| 109|0x0000000717a00000, 0x0000000717a00000, 0x0000000717c00000|  0%| F|  |TAMS 0x0000000717a00000, 0x0000000717a00000| Untracked 
| 110|0x0000000717c00000, 0x0000000717e00000, 0x0000000717e00000|100%| S|CS|TAMS 0x0000000717c00000, 0x0000000717c00000| Complete 
| 111|0x0000000717e00000, 0x0000000718000000, 0x0000000718000000|100%| S|CS|TAMS 0x0000000717e00000, 0x0000000717e00000| Complete 
| 112|0x0000000718000000, 0x0000000718000000, 0x0000000718200000|  0%| F|  |TAMS 0x0000000718000000, 0x0000000718000000| Untracked 
| 113|0x0000000718200000, 0x0000000718200000, 0x0000000718400000|  0%| F|  |TAMS 0x0000000718200000, 0x0000000718200000| Untracked 
| 114|0x0000000718400000, 0x0000000718400000, 0x0000000718600000|  0%| F|  |TAMS 0x0000000718400000, 0x0000000718400000| Untracked 
| 115|0x0000000718600000, 0x0000000718600000, 0x0000000718800000|  0%| F|  |TAMS 0x0000000718600000, 0x0000000718600000| Untracked 
| 116|0x0000000718800000, 0x00000007189b96b8, 0x0000000718a00000| 86%| E|  |TAMS 0x0000000718800000, 0x0000000718800000| Complete 
| 117|0x0000000718a00000, 0x0000000718c00000, 0x0000000718c00000|100%| E|CS|TAMS 0x0000000718a00000, 0x0000000718a00000| Complete 
| 118|0x0000000718c00000, 0x0000000718e00000, 0x0000000718e00000|100%| E|CS|TAMS 0x0000000718c00000, 0x0000000718c00000| Complete 
| 119|0x0000000718e00000, 0x0000000719000000, 0x0000000719000000|100%| E|CS|TAMS 0x0000000718e00000, 0x0000000718e00000| Complete 
| 120|0x0000000719000000, 0x0000000719200000, 0x0000000719200000|100%| E|CS|TAMS 0x0000000719000000, 0x0000000719000000| Complete 
| 121|0x0000000719200000, 0x0000000719400000, 0x0000000719400000|100%| E|CS|TAMS 0x0000000719200000, 0x0000000719200000| Complete 
| 122|0x0000000719400000, 0x0000000719600000, 0x0000000719600000|100%| E|CS|TAMS 0x0000000719400000, 0x0000000719400000| Complete 

Card table byte_map: [0x0000026e77160000,0x0000026e77910000] _byte_map_base: 0x0000026e73910000

Marking Bits (Prev, Next): (CMBitMap*) 0x0000026e69b928e0, (CMBitMap*) 0x0000026e69b92920
 Prev Bits: [0x0000026e780c0000, 0x0000026e7be40000)
 Next Bits: [0x0000026e7be40000, 0x0000026e7fbc0000)

Polling page: 0x0000026e69970000

Metaspace:

Usage:
  Non-class:      7.26 MB used.
      Class:      1.07 MB used.
       Both:      8.33 MB used.

Virtual space:
  Non-class space:        8.00 MB reserved,       7.31 MB ( 91%) committed,  1 nodes.
      Class space:        1.00 GB reserved,       1.19 MB ( <1%) committed,  1 nodes.
             Both:        1.01 GB reserved,       8.50 MB ( <1%) committed. 

Chunk freelists:
   Non-Class:  240.00 KB
       Class:  2.80 MB
        Both:  3.03 MB

MaxMetaspaceSize: unlimited
CompressedClassSpaceSize: 1.00 GB
Initial GC threshold: 21.00 MB
Current GC threshold: 21.00 MB
CDS: on
MetaspaceReclaimPolicy: balanced
 - commit_granule_bytes: 65536.
 - commit_granule_words: 8192.
 - virtual_space_node_default_size: 1048576.
 - enlarge_chunks_in_place: 1.
 - new_chunks_are_fully_committed: 0.
 - uncommit_free_chunks: 1.
 - use_allocation_guard: 0.
 - handle_deallocations: 1.


Internal statistics:

num_allocs_failed_limit: 0.
num_arena_births: 126.
num_arena_deaths: 0.
num_vsnodes_births: 2.
num_vsnodes_deaths: 0.
num_space_committed: 136.
num_space_uncommitted: 0.
num_chunks_returned_to_freelist: 0.
num_chunks_taken_from_freelist: 292.
num_chunk_merges: 0.
num_chunk_splits: 192.
num_chunks_enlarged: 131.
num_purges: 0.
num_inconsistent_stats: 0.

CodeCache: size=49152Kb used=6273Kb max_used=6273Kb free=42878Kb
 bounds [0x0000026e72b60000, 0x0000026e73190000, 0x0000026e75b60000]
 total_blobs=2054 nmethods=1593 adapters=384
 compilation: enabled
              stopped_count=0, restarted_count=0
 full_count=0

Compilation events (20 events):
Event: 0.703 Thread 0x0000026e04090550 nmethod 1580 0x0000026e7317c910 code [0x0000026e7317cac0, 0x0000026e7317ccd8]
Event: 0.703 Thread 0x0000026e03e9fab0 nmethod 1583 0x0000026e7317ce10 code [0x0000026e7317cfa0, 0x0000026e7317d0a8]
Event: 0.703 Thread 0x0000026e0408f2a0 nmethod 1584 0x0000026e7317d110 code [0x0000026e7317d2a0, 0x0000026e7317d3b8]
Event: 0.703 Thread 0x0000026e02c8ad10 nmethod 1585 0x0000026e7317d490 code [0x0000026e7317d640, 0x0000026e7317d838]
Event: 0.703 Thread 0x0000026e02c8ad10 1586       1       java.util.function.BiPredicate$$Lambda$172/0x0000000800ca7090::test (16 bytes)
Event: 0.703 Thread 0x0000026e0380dd70 1587       1       java.util.function.BiPredicate::lambda$or$2 (28 bytes)
Event: 0.703 Thread 0x0000026e04090550 1588       1       org.springframework.boot.context.properties.source.SystemEnvironmentPropertyMapper$$Lambda$171/0x0000000800d1dfa0::test (16 bytes)
Event: 0.703 Thread 0x0000026e04090040 1589       1       org.springframework.boot.context.properties.source.SystemEnvironmentPropertyMapper::isAncestorOf (23 bytes)
Event: 0.703 Thread 0x0000026e03e9fab0 1590       1       org.springframework.boot.context.properties.source.SystemEnvironmentPropertyMapper::isLegacyAncestorOf (34 bytes)
Event: 0.703 Thread 0x0000026e0408f2a0 1591       1       org.springframework.boot.context.properties.source.SystemEnvironmentPropertyMapper::hasDashedEntries (37 bytes)
Event: 0.704 Thread 0x0000026e02c8ad10 nmethod 1586 0x0000026e7317da10 code [0x0000026e7317dba0, 0x0000026e7317dca8]
Event: 0.704 Thread 0x0000026e0380dd70 nmethod 1587 0x0000026e7317dd10 code [0x0000026e7317dec0, 0x0000026e7317e018]
Event: 0.704 Thread 0x0000026e02c8ad10 1592       1       org.springframework.boot.context.properties.source.PropertyMapper$$Lambda$166/0x0000000800d1c068::test (12 bytes)
Event: 0.704 Thread 0x0000026e0408f2a0 nmethod 1591 0x0000026e7317e110 code [0x0000026e7317e2e0, 0x0000026e7317e4e8]
Event: 0.704 Thread 0x0000026e03e9fab0 nmethod 1590 0x0000026e7317e690 code [0x0000026e7317e860, 0x0000026e7317ead8]
Event: 0.704 Thread 0x0000026e04090550 nmethod 1588 0x0000026e7317ed10 code [0x0000026e7317eee0, 0x0000026e7317f188]
Event: 0.704 Thread 0x0000026e02c8ad10 nmethod 1592 0x0000026e7317f390 code [0x0000026e7317f540, 0x0000026e7317f778]
Event: 0.704 Thread 0x0000026e04090550 1593       1       org.springframework.boot.context.properties.source.ConfigurationPropertyName$ElementsParser::parse (6 bytes)
Event: 0.704 Thread 0x0000026e04090040 nmethod 1589 0x0000026e7317f990 code [0x0000026e7317fb80, 0x0000026e7317fed8]
Event: 0.704 Thread 0x0000026e04090550 nmethod 1593 0x0000026e73180210 code [0x0000026e731803a0, 0x0000026e73180488]

GC Heap History (2 events):
Event: 0.534 GC heap before
{Heap before GC invocations=0 (full 0):
 garbage-first heap   total 251904K, used 20480K [0x000000070a000000, 0x0000000800000000)
  region size 2048K, 11 young (22528K), 0 survivors (0K)
 Metaspace       used 6203K, committed 6400K, reserved 1056768K
  class space    used 747K, committed 832K, reserved 1048576K
}
Event: 0.539 GC heap after
{Heap after GC invocations=1 (full 0):
 garbage-first heap   total 251904K, used 8774K [0x000000070a000000, 0x0000000800000000)
  region size 2048K, 2 young (4096K), 2 survivors (4096K)
 Metaspace       used 6203K, committed 6400K, reserved 1056768K
  class space    used 747K, committed 832K, reserved 1048576K
}

Deoptimization events (4 events):
Event: 0.219 Thread 0x0000026e69b432c0 DEOPT PACKING pc=0x0000026e72d50e2d sp=0x000000f1f2ffe020
Event: 0.219 Thread 0x0000026e69b432c0 DEOPT UNPACKING pc=0x0000026e72bb2b43 sp=0x000000f1f2ffd580 mode 3
Event: 0.518 Thread 0x0000026e69b432c0 DEOPT PACKING pc=0x0000026e72db9a01 sp=0x000000f1f2ffd7d0
Event: 0.518 Thread 0x0000026e69b432c0 DEOPT UNPACKING pc=0x0000026e72bb2b43 sp=0x000000f1f2ffcc28 mode 3

Classes unloaded (0 events):
No events

Classes redefined (0 events):
No events

Internal exceptions (20 events):
Event: 0.348 Thread 0x0000026e69b432c0 Exception <a 'java/lang/NoSuchMethodError'{0x000000071883ec18}: 'java.lang.Object java.lang.invoke.DirectMethodHandle$Holder.invokeStaticInit(java.lang.Object, int, int, int, int)'> (0x000000071883ec18) 
thrown [t:\workspace\open\src\hotspot\share\interpreter\linkResolver.cpp, line 766]
Event: 0.396 Thread 0x0000026e69b432c0 Exception <a 'java/lang/NoSuchMethodError'{0x0000000718910c68}: 'java.lang.Object java.lang.invoke.DirectMethodHandle$Holder.invokeStaticInit(java.lang.Object, java.lang.Object, int, int, int, int)'> (0x0000000718910c68) 
thrown [t:\workspace\open\src\hotspot\share\interpreter\linkResolver.cpp, line 766]
Event: 0.408 Thread 0x0000026e69b432c0 Exception <a 'java/lang/ClassNotFoundException'{0x000000071892f520}: javax/management/remote/rmi/RMIServerImpl_Skel> (0x000000071892f520) 
thrown [t:\workspace\open\src\hotspot\share\classfile\systemDictionary.cpp, line 256]
Event: 0.442 Thread 0x0000026e69b432c0 Exception <a 'java/lang/ClassNotFoundException'{0x00000007187125d8}: javax/smartcardio/CardPermission> (0x00000007187125d8) 
thrown [t:\workspace\open\src\hotspot\share\classfile\systemDictionary.cpp, line 256]
Event: 0.444 Thread 0x0000026e69b432c0 Exception <a 'java/io/FileNotFoundException'{0x0000000718720a98}> (0x0000000718720a98) 
thrown [t:\workspace\open\src\hotspot\share\prims\jni.cpp, line 516]
Event: 0.499 Thread 0x0000026e69b432c0 Exception <a 'java/lang/NoSuchMethodError'{0x0000000718338c98}: 'java.lang.Object java.lang.invoke.DirectMethodHandle$Holder.invokeSpecialIFC(java.lang.Object, java.lang.Object, java.lang.Object, java.lang.Object)'> (0x0000000718338c98) 
thrown [t:\workspace\open\src\hotspot\share\interpreter\linkResolver.cpp, line 766]
Event: 0.509 Thread 0x0000026e69b432c0 Exception <a 'java/lang/NoSuchMethodError'{0x000000071803f1b0}: 'int java.lang.invoke.DirectMethodHandle$Holder.invokeStaticInit(java.lang.Object, java.lang.Object)'> (0x000000071803f1b0) 
thrown [t:\workspace\open\src\hotspot\share\interpreter\linkResolver.cpp, line 766]
Event: 0.533 Thread 0x0000026e69b432c0 Exception <a 'java/lang/NoSuchMethodError'{0x00000007181f2c50}: 'int java.lang.invoke.DirectMethodHandle$Holder.invokeStaticInit(java.lang.Object, java.lang.Object, java.lang.Object)'> (0x00000007181f2c50) 
thrown [t:\workspace\open\src\hotspot\share\interpreter\linkResolver.cpp, line 766]
Event: 0.543 Thread 0x0000026e69b432c0 Exception <a 'java/lang/NoSuchMethodError'{0x00000007194456e8}: 'java.lang.Object java.lang.invoke.DirectMethodHandle$Holder.newInvokeSpecial(java.lang.Object, java.lang.Object, java.lang.Object, java.lang.Object, java.lang.Object)'> (0x00000007194456e8) 
thrown [t:\workspace\open\src\hotspot\share\interpreter\linkResolver.cpp, line 766]
Event: 0.584 Thread 0x0000026e04267700 Exception <a 'java/lang/NoSuchMethodError'{0x00000007191a2038}: 'org.slf4j.impl.StaticMDCBinder org.slf4j.impl.StaticMDCBinder.getSingleton()'> (0x00000007191a2038) 
thrown [t:\workspace\open\src\hotspot\share\interpreter\linkResolver.cpp, line 766]
Event: 0.605 Thread 0x0000026e0426ffe0 Exception <a 'sun/nio/fs/WindowsException'{0x0000000718f293c0}> (0x0000000718f293c0) 
thrown [t:\workspace\open\src\hotspot\share\prims\jni.cpp, line 516]
Event: 0.649 Thread 0x0000026e0426ffe0 Exception <a 'java/lang/NoSuchMethodError'{0x0000000718dc3628}: 'void java.lang.invoke.DirectMethodHandle$Holder.invokeStatic(java.lang.Object, java.lang.Object, java.lang.Object, java.lang.Object)'> (0x0000000718dc3628) 
thrown [t:\workspace\open\src\hotspot\share\interpreter\linkResolver.cpp, line 766]
Event: 0.651 Thread 0x0000026e0426ffe0 Exception <a 'java/lang/NoSuchMethodError'{0x0000000718de2ca8}: 'java.lang.Object java.lang.invoke.Invokers$Holder.invokeExact_MT(java.lang.Object, java.lang.Object, java.lang.Object, java.lang.Object, java.lang.Object, java.lang.Object)'> (0x0000000718de2ca8) 
thrown [t:\workspace\open\src\hotspot\share\interpreter\linkResolver.cpp, line 766]
Event: 0.653 Thread 0x0000026e0426ffe0 Exception <a 'java/lang/NoSuchMethodError'{0x0000000718df7ac0}: 'java.lang.Object java.lang.invoke.DirectMethodHandle$Holder.invokeInterface(java.lang.Object, java.lang.Object, java.lang.Object)'> (0x0000000718df7ac0) 
thrown [t:\workspace\open\src\hotspot\share\interpreter\linkResolver.cpp, line 766]
Event: 0.653 Thread 0x0000026e0426ffe0 Exception <a 'java/lang/IncompatibleClassChangeError'{0x0000000718dfb448}: Found class java.lang.Object, but interface was expected> (0x0000000718dfb448) 
thrown [t:\workspace\open\src\hotspot\share\interpreter\linkResolver.cpp, line 833]
Event: 0.667 Thread 0x0000026e0426ffe0 Exception <a 'java/lang/NoSuchMethodError'{0x0000000718b06f58}: 'int java.lang.invoke.DirectMethodHandle$Holder.invokeSpecial(java.lang.Object, java.lang.Object, java.lang.Object, java.lang.Object)'> (0x0000000718b06f58) 
thrown [t:\workspace\open\src\hotspot\share\interpreter\linkResolver.cpp, line 766]
Event: 0.686 Thread 0x0000026e0426ffe0 Exception <a 'java/lang/NoSuchMethodError'{0x0000000718859b88}: 'java.lang.Object java.lang.invoke.DirectMethodHandle$Holder.newInvokeSpecial(java.lang.Object, java.lang.Object, java.lang.Object, java.lang.Object, java.lang.Object, java.lang.Object)'> (0x0000000718859b88) 
thrown [t:\workspace\open\src\hotspot\share\interpreter\linkResolver.cpp, line 766]
Event: 0.695 Thread 0x0000026e0426ffe0 Exception <a 'java/lang/NoSuchMethodError'{0x00000007188fe448}: 'java.lang.Object java.lang.invoke.DirectMethodHandle$Holder.invokeSpecial(java.lang.Object, java.lang.Object, java.lang.Object, java.lang.Object, java.lang.Object, java.lang.Object, int)'> (0x00000007188fe448) 
thrown [t:\workspace\open\src\hotspot\share\interpreter\linkResolver.cpp, line 766]
Event: 0.696 Thread 0x0000026e0426ffe0 Exception <a 'java/lang/NoSuchMethodError'{0x00000007189089d8}: 'java.lang.Object java.lang.invoke.DirectMethodHandle$Holder.newInvokeSpecial(java.lang.Object, java.lang.Object, java.lang.Object, java.lang.Object, java.lang.Object, java.lang.Object, int)'> (0x00000007189089d8) 
thrown [t:\workspace\open\src\hotspot\share\interpreter\linkResolver.cpp, line 766]
Event: 0.696 Thread 0x0000026e0426ffe0 Exception <a 'java/lang/NoSuchMethodError'{0x000000071890da18}: 'java.lang.Object java.lang.invoke.DirectMethodHandle$Holder.invokeSpecial(java.lang.Object, java.lang.Object, java.lang.Object, java.lang.Object, java.lang.Object, java.lang.Object, java.lang.Object, int)'> (0x000000071890da18) 
thrown [t:\workspace\open\src\hotspot\share\interpreter\linkResolver.cpp, line 766]

VM Operations (16 events):
Event: 0.143 Executing VM operation: HandshakeAllThreads
Event: 0.143 Executing VM operation: HandshakeAllThreads done
Event: 0.241 Executing VM operation: HandshakeAllThreads
Event: 0.241 Executing VM operation: HandshakeAllThreads done
Event: 0.271 Executing VM operation: HandshakeAllThreads
Event: 0.271 Executing VM operation: HandshakeAllThreads done
Event: 0.341 Executing VM operation: HandshakeAllThreads
Event: 0.341 Executing VM operation: HandshakeAllThreads done
Event: 0.418 Executing VM operation: HandshakeAllThreads
Event: 0.419 Executing VM operation: HandshakeAllThreads done
Event: 0.493 Executing VM operation: HandshakeAllThreads
Event: 0.494 Executing VM operation: HandshakeAllThreads done
Event: 0.534 Executing VM operation: G1CollectForAllocation
Event: 0.539 Executing VM operation: G1CollectForAllocation done
Event: 0.607 Executing VM operation: HandshakeAllThreads
Event: 0.607 Executing VM operation: HandshakeAllThreads done

Events (20 events):
Event: 0.669 loading class java/util/stream/MatchOps$MatchOp
Event: 0.669 loading class java/util/stream/MatchOps$MatchOp done
Event: 0.669 loading class java/util/stream/MatchOps$BooleanTerminalSink
Event: 0.669 loading class java/util/stream/MatchOps$BooleanTerminalSink done
Event: 0.669 loading class java/util/stream/MatchOps$2MatchSink
Event: 0.669 loading class java/util/stream/MatchOps$2MatchSink done
Event: 0.677 loading class java/beans/PropertyEditorSupport
Event: 0.677 loading class java/beans/PropertyEditor
Event: 0.677 loading class java/beans/PropertyEditor done
Event: 0.677 loading class java/beans/PropertyEditorSupport done
Event: 0.691 loading class java/util/regex/Pattern$Neg
Event: 0.691 loading class java/util/regex/Pattern$Neg done
Event: 0.694 loading class java/util/stream/StreamSpliterators$WrappingSpliterator
Event: 0.695 loading class java/util/stream/StreamSpliterators$AbstractWrappingSpliterator
Event: 0.695 loading class java/util/stream/StreamSpliterators$AbstractWrappingSpliterator done
Event: 0.695 loading class java/util/stream/StreamSpliterators$WrappingSpliterator done
Event: 0.695 loading class java/util/stream/StreamSpliterators
Event: 0.695 loading class java/util/stream/StreamSpliterators done
Event: 0.695 loading class java/util/function/BooleanSupplier
Event: 0.695 loading class java/util/function/BooleanSupplier done


Dynamic libraries:
0x00007ff736010000 - 0x00007ff736020000 	D:\JAVA\jdk-17.0.2\bin\java.exe
0x00007ffecfe90000 - 0x00007ffed0085000 	C:\WINDOWS\SYSTEM32\ntdll.dll
0x00007ffecf1d0000 - 0x00007ffecf28d000 	C:\WINDOWS\System32\KERNEL32.DLL
0x00007ffecd8a0000 - 0x00007ffecdb6d000 	C:\WINDOWS\System32\KERNELBASE.dll
0x00007ffecd6d0000 - 0x00007ffecd7d0000 	C:\WINDOWS\System32\ucrtbase.dll
0x00007ffec8b20000 - 0x00007ffec8b38000 	D:\JAVA\jdk-17.0.2\bin\jli.dll
0x00007ffec8b00000 - 0x00007ffec8b1a000 	D:\JAVA\jdk-17.0.2\bin\VCRUNTIME140.dll
0x00007ffece5b0000 - 0x00007ffece65e000 	C:\WINDOWS\System32\ADVAPI32.dll
0x00007ffece410000 - 0x00007ffece4ae000 	C:\WINDOWS\System32\msvcrt.dll
0x00007ffece510000 - 0x00007ffece5ac000 	C:\WINDOWS\System32\sechost.dll
0x00007ffecfb20000 - 0x00007ffecfc45000 	C:\WINDOWS\System32\RPCRT4.dll
0x00007ffecf450000 - 0x00007ffecf5f0000 	C:\WINDOWS\System32\USER32.dll
0x00007ffecd6a0000 - 0x00007ffecd6c2000 	C:\WINDOWS\System32\win32u.dll
0x00007ffece6c0000 - 0x00007ffece6ea000 	C:\WINDOWS\System32\GDI32.dll
0x00007ffecdd20000 - 0x00007ffecde2b000 	C:\WINDOWS\System32\gdi32full.dll
0x00007ffecd800000 - 0x00007ffecd89d000 	C:\WINDOWS\System32\msvcp_win.dll
0x00007ffeb23b0000 - 0x00007ffeb264a000 	C:\WINDOWS\WinSxS\amd64_microsoft.windows.common-controls_6595b64144ccf1df_6.0.19041.1110_none_60b5254171f9507e\COMCTL32.dll
0x00007ffec37a0000 - 0x00007ffec37aa000 	C:\WINDOWS\SYSTEM32\VERSION.dll
0x00007ffece250000 - 0x00007ffece280000 	C:\WINDOWS\System32\IMM32.DLL
0x00007ffec9090000 - 0x00007ffec909c000 	D:\JAVA\jdk-17.0.2\bin\vcruntime140_1.dll
0x00007ffec8a30000 - 0x00007ffec8abd000 	D:\JAVA\jdk-17.0.2\bin\msvcp140.dll
0x00007ffea6e40000 - 0x00007ffea7a01000 	D:\JAVA\jdk-17.0.2\bin\server\jvm.dll
0x00007ffece400000 - 0x00007ffece408000 	C:\WINDOWS\System32\PSAPI.DLL
0x00007ffec3770000 - 0x00007ffec3797000 	C:\WINDOWS\SYSTEM32\WINMM.dll
0x00007ffec7e40000 - 0x00007ffec7e49000 	C:\WINDOWS\SYSTEM32\WSOCK32.dll
0x00007ffecefa0000 - 0x00007ffecf00b000 	C:\WINDOWS\System32\WS2_32.dll
0x00007ffecbe60000 - 0x00007ffecbe72000 	C:\WINDOWS\SYSTEM32\kernel.appcore.dll
0x00007ffec8bb0000 - 0x00007ffec8bba000 	D:\JAVA\jdk-17.0.2\bin\jimage.dll
0x00007ffecbc20000 - 0x00007ffecbe04000 	C:\WINDOWS\SYSTEM32\DBGHELP.DLL
0x00007ffec8b80000 - 0x00007ffec8bac000 	C:\WINDOWS\SYSTEM32\dbgcore.DLL
0x00007ffecd610000 - 0x00007ffecd692000 	C:\WINDOWS\System32\bcryptPrimitives.dll
0x00007ffec7c00000 - 0x00007ffec7c0e000 	D:\JAVA\jdk-17.0.2\bin\instrument.dll
0x00007ffec8ad0000 - 0x00007ffec8af5000 	D:\JAVA\jdk-17.0.2\bin\java.dll
0x00007ffebce70000 - 0x00007ffebcf46000 	D:\JAVA\jdk-17.0.2\bin\jsvml.dll
0x00007ffece850000 - 0x00007ffecef94000 	C:\WINDOWS\System32\SHELL32.dll
0x00007ffecb3b0000 - 0x00007ffecbb44000 	C:\WINDOWS\SYSTEM32\windows.storage.dll
0x00007ffecdef0000 - 0x00007ffece244000 	C:\WINDOWS\System32\combase.dll
0x00007ffeccf30000 - 0x00007ffeccf5c000 	C:\WINDOWS\SYSTEM32\Wldp.dll
0x00007ffecf5f0000 - 0x00007ffecf69d000 	C:\WINDOWS\System32\SHCORE.dll
0x00007ffecf170000 - 0x00007ffecf1c5000 	C:\WINDOWS\System32\shlwapi.dll
0x00007ffecd4e0000 - 0x00007ffecd4ff000 	C:\WINDOWS\SYSTEM32\profapi.dll
0x00007ffec7e70000 - 0x00007ffec7e88000 	D:\JAVA\jdk-17.0.2\bin\zip.dll
0x00007ffec8a10000 - 0x00007ffec8a29000 	D:\JAVA\jdk-17.0.2\bin\net.dll
0x00007ffec4eb0000 - 0x00007ffec4fba000 	C:\WINDOWS\SYSTEM32\WINHTTP.dll
0x00007ffeccc90000 - 0x00007ffecccfa000 	C:\WINDOWS\system32\mswsock.dll
0x00007ffec7e90000 - 0x00007ffec7ea6000 	D:\JAVA\jdk-17.0.2\bin\nio.dll
0x00007ffebd170000 - 0x00007ffebd18a000 	D:\IntelliJ IDEA 2020.2.3\IntelliJ IDEA 2021.2.4\bin\breakgen64.dll
0x00007ffecc9c0000 - 0x00007ffecca8b000 	C:\WINDOWS\SYSTEM32\DNSAPI.dll
0x00007ffecc980000 - 0x00007ffecc9bb000 	C:\WINDOWS\SYSTEM32\IPHLPAPI.DLL
0x00007ffecdee0000 - 0x00007ffecdee8000 	C:\WINDOWS\System32\NSI.dll
0x00007ffec5e20000 - 0x00007ffec5e2a000 	C:\Windows\System32\rasadhlp.dll
0x00007ffec4b50000 - 0x00007ffec4bd0000 	C:\WINDOWS\System32\fwpuclnt.dll
0x00007ffecd7d0000 - 0x00007ffecd7f7000 	C:\WINDOWS\System32\bcrypt.dll
0x00007ffec7bf0000 - 0x00007ffec7bf9000 	D:\JAVA\jdk-17.0.2\bin\management.dll
0x00007ffec7be0000 - 0x00007ffec7beb000 	D:\JAVA\jdk-17.0.2\bin\management_ext.dll
0x00007ffecce90000 - 0x00007ffeccea8000 	C:\WINDOWS\SYSTEM32\CRYPTSP.dll
0x00007ffecc610000 - 0x00007ffecc644000 	C:\WINDOWS\system32\rsaenh.dll
0x00007ffecd4a0000 - 0x00007ffecd4ce000 	C:\WINDOWS\SYSTEM32\USERENV.dll
0x00007ffecce80000 - 0x00007ffecce8c000 	C:\WINDOWS\SYSTEM32\CRYPTBASE.dll
0x00007ffec62d0000 - 0x00007ffec62e7000 	C:\WINDOWS\SYSTEM32\dhcpcsvc6.DLL
0x00007ffec5e90000 - 0x00007ffec5ead000 	C:\WINDOWS\SYSTEM32\dhcpcsvc.DLL
0x00007ffeba410000 - 0x00007ffeba427000 	C:\WINDOWS\system32\napinsp.dll
0x00007ffeba3f0000 - 0x00007ffeba40b000 	C:\WINDOWS\system32\pnrpnsp.dll
0x00007ffeb5a00000 - 0x00007ffeb5a15000 	C:\WINDOWS\system32\wshbth.dll
0x00007ffec89e0000 - 0x00007ffec89fd000 	C:\WINDOWS\system32\NLAapi.dll
0x00007ffeba3d0000 - 0x00007ffeba3e2000 	C:\WINDOWS\System32\winrnr.dll

dbghelp: loaded successfully - version: 4.0.5 - missing functions: none
symbol engine: initialized successfully - sym options: 0x614 - pdb path: .;D:\JAVA\jdk-17.0.2\bin;C:\WINDOWS\SYSTEM32;C:\WINDOWS\WinSxS\amd64_microsoft.windows.common-controls_6595b64144ccf1df_6.0.19041.1110_none_60b5254171f9507e;D:\JAVA\jdk-17.0.2\bin\server;D:\IntelliJ IDEA 2020.2.3\IntelliJ IDEA 2021.2.4\bin

VM Arguments:
jvm_args: -XX:TieredStopAtLevel=1 -Xverify:none -Dspring.output.ansi.enabled=always -javaagent:D:\IntelliJ IDEA 2020.2.3\IntelliJ IDEA 2021.2.4\lib\idea_rt.jar=53232:D:\IntelliJ IDEA 2020.2.3\IntelliJ IDEA 2021.2.4\bin -Dcom.sun.management.jmxremote -Dspring.jmx.enabled=true -Dspring.liveBeansView.mbeanDomain -Dspring.application.admin.enabled=true -Dfile.encoding=UTF-8 
java_command: com.example.algorithm.AlgorithmApplication
java_class_path (initial): D:\IdeaProjects\algorithm\target\classes;D:\apache-maven-3.8.1\localRepository\org\springframework\boot\spring-boot-starter-thymeleaf\2.6.8\spring-boot-starter-thymeleaf-2.6.8.jar;D:\apache-maven-3.8.1\localRepository\org\springframework\boot\spring-boot-starter\2.6.8\spring-boot-starter-2.6.8.jar;D:\apache-maven-3.8.1\localRepository\org\springframework\boot\spring-boot-starter-logging\2.6.8\spring-boot-starter-logging-2.6.8.jar;D:\apache-maven-3.8.1\localRepository\ch\qos\logback\logback-classic\1.2.11\logback-classic-1.2.11.jar;D:\apache-maven-3.8.1\localRepository\ch\qos\logback\logback-core\1.2.11\logback-core-1.2.11.jar;D:\apache-maven-3.8.1\localRepository\org\apache\logging\log4j\log4j-to-slf4j\2.17.2\log4j-to-slf4j-2.17.2.jar;D:\apache-maven-3.8.1\localRepository\org\apache\logging\log4j\log4j-api\2.17.2\log4j-api-2.17.2.jar;D:\apache-maven-3.8.1\localRepository\org\slf4j\jul-to-slf4j\1.7.36\jul-to-slf4j-1.7.36.jar;D:\apache-maven-3.8.1\localRepository\jakarta\annotation\jakarta.annotation-api\1.3.5\jakarta.annotation-api-1.3.5.jar;D:\apache-maven-3.8.1\localRepository\org\yaml\snakeyaml\1.29\snakeyaml-1.29.jar;D:\apache-maven-3.8.1\localRepository\org\thymeleaf\thymeleaf-spring5\3.0.15.RELEASE\thymeleaf-spring5-3.0.15.RELEASE.jar;D:\apache-maven-3.8.1\localRepository\org\thymeleaf\thymeleaf\3.0.15.RELEASE\thymeleaf-3.0.15.RELEASE.jar;D:\apache-maven-3.8.1\localRepository\org\attoparser\attoparser\2.0.5.RELEASE\attoparser-2.0.5.RELEASE.jar;D:\apache-maven-3.8.1\localRepository\org\unbescape\unbescape\1.1.6.RELEASE\unbescape-1.1.6.RELEASE.jar;D:\apache-maven-3.8.1\localRepository\org\slf4j\slf4j-api\1.7.36\slf4j-api-1.7.36.jar;D:\apache-maven-3.8.1\localRepository\org\thymeleaf\extras\thymeleaf-extras-java8time\3.0.4.RELEASE\thymeleaf-extras-java8time-3.0.4.RELEASE.jar;D:\apache-maven-3.8.1\localRepository\org\springframework\boot\spring-boot-starter-web\2.6.8\spring-boot-starter-web-2.6.8.jar;D:\apache-maven-3.8.1\localRepositor
Launcher Type: SUN_STANDARD

[Global flags]
     intx CICompilerCount                          = 12                                        {product} {ergonomic}
     uint ConcGCThreads                            = 3                                         {product} {ergonomic}
     uint G1ConcRefinementThreads                  = 13                                        {product} {ergonomic}
   size_t G1HeapRegionSize                         = 2097152                                   {product} {ergonomic}
    uintx GCDrainStackTargetSize                   = 64                                        {product} {ergonomic}
   size_t InitialHeapSize                          = 257949696                                 {product} {ergonomic}
     bool ManagementServer                         = true                                      {product} {command line}
   size_t MarkStackSize                            = 4194304                                   {product} {ergonomic}
   size_t MaxHeapSize                              = 4127195136                                {product} {ergonomic}
   size_t MaxNewSize                               = 2474639360                                {product} {ergonomic}
   size_t MinHeapDeltaBytes                        = 2097152                                   {product} {ergonomic}
   size_t MinHeapSize                              = 8388608                                   {product} {ergonomic}
    uintx NonProfiledCodeHeapSize                  = 0                                      {pd product} {ergonomic}
     bool ProfileInterpreter                       = false                                  {pd product} {command line}
    uintx ProfiledCodeHeapSize                     = 0                                      {pd product} {ergonomic}
   size_t SoftMaxHeapSize                          = 4127195136                             {manageable} {ergonomic}
     intx TieredStopAtLevel                        = 1                                         {product} {command line}
     bool UseCompressedClassPointers               = true                           {product lp64_product} {ergonomic}
     bool UseCompressedOops                        = true                           {product lp64_product} {ergonomic}
     bool UseG1GC                                  = true                                      {product} {ergonomic}
     bool UseLargePagesIndividualAllocation        = false                                  {pd product} {ergonomic}

Logging:
Log output configuration:
 #0: stdout all=warning uptime,level,tags
 #1: stderr all=off uptime,level,tags

Environment Variables:
JAVA_HOME=D:\JAVA\jdk-11.0.12
PATH=C:\Program Files\Common Files\Oracle\Java\javapath;C:\Program Files\PlasticSCM5\server;C:\Program Files\PlasticSCM5\client;C:\Program Files (x86)\Common Files\Oracle\Java\javapath;C:\Windows\system32;C:\Windows;C:\Windows\System32\Wbem;C:\Windows\System32\WindowsPowerShell\v1.0\;C:\Windows\System32\OpenSSH\;C:\Program Files (x86)\NVIDIA Corporation\PhysX\Common;D:\JAVA\jdk-11.0.12\bin;%CATALINA_HOME%\bin;C:\Program Files\NVIDIA Corporation\NVIDIA NvDLISR;C:\WINDOWS\system32;C:\WINDOWS;C:\WINDOWS\System32\Wbem;C:\WINDOWS\System32\WindowsPowerShell\v1.0\;C:\WINDOWS\System32\OpenSSH\;C:\Program Files (x86)\GtkSharp\2.12\bin;C:\Program Files\MySQL\MySQL Server 5.7\bin;D:\apache-maven-3.8.1\bin;D:\spring-boot-cli-2.0.1.RELEASE-bin\spring-2.0.1.RELEASE\bin;C:\Program Files\TortoiseGit\bin;C:\Program Files\dotnet\;D:\Go\bin;D:\Xshell\;D:\Xftp\;D:\nodejs\;D:\python\Scripts\;D:\python\;C:\Users\zheyuan he\AppData\Local\Microsoft\WindowsApps;;D:\IntelliJ IDEA 2020.2.3\IntelliJ IDEA 2021.2.4\bin;;C:\Program Files\Bandizip\;D:\Microsoft VS Code\bin;C:\Users\zheyuan he\.dotnet\tools;D:\Bandizip\;D:\GoLand 2020.3.5\bin;;C:\Users\zheyuan he\go\bin;D:\pycharm\PyCharm 2020.3.5\bin;;C:\Users\zheyuan he\AppData\Roaming\npm;D:\DataGrip 2021.2.4\bin;
USERNAME=zheyuan he
OS=Windows_NT
PROCESSOR_IDENTIFIER=AMD64 Family 23 Model 96 Stepping 1, AuthenticAMD



---------------  S Y S T E M  ---------------

OS:
 Windows 10 , 64 bit Build 19041 (10.0.19041.1706)
OS uptime: 1 days 2:03 hours

CPU: total 16 (initial active 16) (16 cores per cpu, 2 threads per core) family 23 model 96 stepping 1 microcode 0x0, cx8, cmov, fxsr, ht, mmx, 3dnowpref, sse, sse2, sse3, ssse3, sse4a, sse4.1, sse4.2, popcnt, lzcnt, tsc, tscinvbit, avx, avx2, aes, clmul, bmi1, bmi2, adx, sha, fma, vzeroupper, clflush, clflushopt

Memory: 4k page, system-wide physical 15741M (6558M free)
TotalPageFile size 31741M (AvailPageFile size 379M)
current process WorkingSet (physical memory assigned to process): 83M, peak: 83M
current process commit charge ("private bytes"): 361M, peak: 361M

vm_info: Java HotSpot(TM) 64-Bit Server VM (17.0.2+8-LTS-86) for windows-amd64 JRE (17.0.2+8-LTS-86), built on Dec  7 2021 21:51:03 by "mach5one" with MS VC++ 16.8 / 16.9 (VS2019)

END.
